2025-01-02 20:21:27,553 - app - DEBUG - Master lookup data loaded successfully.
2025-01-02 20:21:57,951 - app - DEBUG - Fetching contents for Location: 1, Level: 2, Box: 100
2025-01-02 20:21:57,951 - app - ERROR - Error fetching box contents: type object 'PartStorage' has no attribute 'part_num'
2025-01-02 20:26:46,043 - app - DEBUG - Master lookup data loaded successfully.
2025-01-02 20:27:13,306 - app - ERROR - Failed to load master lookup data: (sqlite3.OperationalError) no such column: part_storage.part_num
[SQL: SELECT part_storage.id AS part_storage_id, part_storage.part_num AS part_storage_part_num, part_storage.location AS part_storage_location, part_storage.level AS part_storage_level, part_storage.box AS part_storage_box, categories_1.id AS categories_1_id, categories_1.name AS categories_1_name, categories_1.last_updated AS categories_1_last_updated, part_info_1.part_num AS part_info_1_part_num, part_info_1.name AS part_info_1_name, part_info_1.category_id AS part_info_1_category_id, part_info_1.part_img_url AS part_info_1_part_img_url, part_info_1.part_url AS part_info_1_part_url 
FROM part_storage LEFT OUTER JOIN part_info AS part_info_1 ON part_info_1.part_num = part_storage.part_num LEFT OUTER JOIN categories AS categories_1 ON categories_1.id = part_info_1.category_id]
(Background on this error at: https://sqlalche.me/e/20/e3q8)
2025-01-02 20:27:23,360 - app - ERROR - Failed to load master lookup data: (sqlite3.OperationalError) no such column: part_storage.part_num
[SQL: SELECT part_storage.id AS part_storage_id, part_storage.part_num AS part_storage_part_num, part_storage.location AS part_storage_location, part_storage.level AS part_storage_level, part_storage.box AS part_storage_box, categories_1.id AS categories_1_id, categories_1.name AS categories_1_name, categories_1.last_updated AS categories_1_last_updated, part_info_1.part_num AS part_info_1_part_num, part_info_1.name AS part_info_1_name, part_info_1.category_id AS part_info_1_category_id, part_info_1.part_img_url AS part_info_1_part_img_url, part_info_1.part_url AS part_info_1_part_url 
FROM part_storage LEFT OUTER JOIN part_info AS part_info_1 ON part_info_1.part_num = part_storage.part_num LEFT OUTER JOIN categories AS categories_1 ON categories_1.id = part_info_1.category_id]
(Background on this error at: https://sqlalche.me/e/20/e3q8)
2025-01-02 20:27:39,433 - app - ERROR - Failed to load master lookup data: (sqlite3.OperationalError) no such column: part_storage.part_num
[SQL: SELECT part_storage.id AS part_storage_id, part_storage.part_num AS part_storage_part_num, part_storage.location AS part_storage_location, part_storage.level AS part_storage_level, part_storage.box AS part_storage_box, categories_1.id AS categories_1_id, categories_1.name AS categories_1_name, categories_1.last_updated AS categories_1_last_updated, part_info_1.part_num AS part_info_1_part_num, part_info_1.name AS part_info_1_name, part_info_1.category_id AS part_info_1_category_id, part_info_1.part_img_url AS part_info_1_part_img_url, part_info_1.part_url AS part_info_1_part_url 
FROM part_storage LEFT OUTER JOIN part_info AS part_info_1 ON part_info_1.part_num = part_storage.part_num LEFT OUTER JOIN categories AS categories_1 ON categories_1.id = part_info_1.category_id]
(Background on this error at: https://sqlalche.me/e/20/e3q8)
2025-01-02 20:28:21,121 - app - ERROR - Failed to load master lookup data: (sqlite3.OperationalError) no such column: part_storage.part_num
[SQL: SELECT part_storage.id AS part_storage_id, part_storage.part_num AS part_storage_part_num, part_storage.location AS part_storage_location, part_storage.level AS part_storage_level, part_storage.box AS part_storage_box, categories_1.id AS categories_1_id, categories_1.name AS categories_1_name, categories_1.last_updated AS categories_1_last_updated, part_info_1.part_num AS part_info_1_part_num, part_info_1.name AS part_info_1_name, part_info_1.category_id AS part_info_1_category_id, part_info_1.part_img_url AS part_info_1_part_img_url, part_info_1.part_url AS part_info_1_part_url 
FROM part_storage LEFT OUTER JOIN part_info AS part_info_1 ON part_info_1.part_num = part_storage.part_num LEFT OUTER JOIN categories AS categories_1 ON categories_1.id = part_info_1.category_id]
(Background on this error at: https://sqlalche.me/e/20/e3q8)
2025-01-02 20:28:30,192 - app - ERROR - Failed to load master lookup data: (sqlite3.OperationalError) no such column: part_storage.part_num
[SQL: SELECT part_storage.id AS part_storage_id, part_storage.part_num AS part_storage_part_num, part_storage.location AS part_storage_location, part_storage.level AS part_storage_level, part_storage.box AS part_storage_box, categories_1.id AS categories_1_id, categories_1.name AS categories_1_name, categories_1.last_updated AS categories_1_last_updated, part_info_1.part_num AS part_info_1_part_num, part_info_1.name AS part_info_1_name, part_info_1.category_id AS part_info_1_category_id, part_info_1.part_img_url AS part_info_1_part_img_url, part_info_1.part_url AS part_info_1_part_url 
FROM part_storage LEFT OUTER JOIN part_info AS part_info_1 ON part_info_1.part_num = part_storage.part_num LEFT OUTER JOIN categories AS categories_1 ON categories_1.id = part_info_1.category_id]
(Background on this error at: https://sqlalche.me/e/20/e3q8)
2025-01-02 20:28:35,091 - app - ERROR - Failed to load master lookup data: (sqlite3.OperationalError) no such column: part_storage.part_num
[SQL: SELECT part_storage.id AS part_storage_id, part_storage.part_num AS part_storage_part_num, part_storage.location AS part_storage_location, part_storage.level AS part_storage_level, part_storage.box AS part_storage_box, categories_1.id AS categories_1_id, categories_1.name AS categories_1_name, categories_1.last_updated AS categories_1_last_updated, part_info_1.part_num AS part_info_1_part_num, part_info_1.name AS part_info_1_name, part_info_1.category_id AS part_info_1_category_id, part_info_1.part_img_url AS part_info_1_part_img_url, part_info_1.part_url AS part_info_1_part_url 
FROM part_storage LEFT OUTER JOIN part_info AS part_info_1 ON part_info_1.part_num = part_storage.part_num LEFT OUTER JOIN categories AS categories_1 ON categories_1.id = part_info_1.category_id]
(Background on this error at: https://sqlalche.me/e/20/e3q8)
2025-01-02 20:28:40,731 - app - ERROR - Failed to load master lookup data: (sqlite3.OperationalError) no such column: part_storage.part_num
[SQL: SELECT part_storage.id AS part_storage_id, part_storage.part_num AS part_storage_part_num, part_storage.location AS part_storage_location, part_storage.level AS part_storage_level, part_storage.box AS part_storage_box, categories_1.id AS categories_1_id, categories_1.name AS categories_1_name, categories_1.last_updated AS categories_1_last_updated, part_info_1.part_num AS part_info_1_part_num, part_info_1.name AS part_info_1_name, part_info_1.category_id AS part_info_1_category_id, part_info_1.part_img_url AS part_info_1_part_img_url, part_info_1.part_url AS part_info_1_part_url 
FROM part_storage LEFT OUTER JOIN part_info AS part_info_1 ON part_info_1.part_num = part_storage.part_num LEFT OUTER JOIN categories AS categories_1 ON categories_1.id = part_info_1.category_id]
(Background on this error at: https://sqlalche.me/e/20/e3q8)
2025-01-02 20:28:47,157 - app - ERROR - Failed to load master lookup data: (sqlite3.OperationalError) no such column: part_storage.part_num
[SQL: SELECT part_storage.id AS part_storage_id, part_storage.part_num AS part_storage_part_num, part_storage.location AS part_storage_location, part_storage.level AS part_storage_level, part_storage.box AS part_storage_box, categories_1.id AS categories_1_id, categories_1.name AS categories_1_name, categories_1.last_updated AS categories_1_last_updated, part_info_1.part_num AS part_info_1_part_num, part_info_1.name AS part_info_1_name, part_info_1.category_id AS part_info_1_category_id, part_info_1.part_img_url AS part_info_1_part_img_url, part_info_1.part_url AS part_info_1_part_url 
FROM part_storage LEFT OUTER JOIN part_info AS part_info_1 ON part_info_1.part_num = part_storage.part_num LEFT OUTER JOIN categories AS categories_1 ON categories_1.id = part_info_1.category_id]
(Background on this error at: https://sqlalche.me/e/20/e3q8)
2025-01-02 20:29:17,073 - app - ERROR - Failed to load master lookup data: (sqlite3.OperationalError) no such column: part_storage.part_num
[SQL: SELECT part_storage.id AS part_storage_id, part_storage.part_num AS part_storage_part_num, part_storage.location AS part_storage_location, part_storage.level AS part_storage_level, part_storage.box AS part_storage_box, categories_1.id AS categories_1_id, categories_1.name AS categories_1_name, categories_1.last_updated AS categories_1_last_updated, part_info_1.part_num AS part_info_1_part_num, part_info_1.name AS part_info_1_name, part_info_1.category_id AS part_info_1_category_id, part_info_1.part_img_url AS part_info_1_part_img_url, part_info_1.part_url AS part_info_1_part_url 
FROM part_storage LEFT OUTER JOIN part_info AS part_info_1 ON part_info_1.part_num = part_storage.part_num LEFT OUTER JOIN categories AS categories_1 ON categories_1.id = part_info_1.category_id]
(Background on this error at: https://sqlalche.me/e/20/e3q8)
2025-01-02 20:29:33,486 - app - ERROR - Failed to load master lookup data: (sqlite3.OperationalError) no such column: part_storage.part_num
[SQL: SELECT part_storage.id AS part_storage_id, part_storage.part_num AS part_storage_part_num, part_storage.location AS part_storage_location, part_storage.level AS part_storage_level, part_storage.box AS part_storage_box, categories_1.id AS categories_1_id, categories_1.name AS categories_1_name, categories_1.last_updated AS categories_1_last_updated, part_info_1.part_num AS part_info_1_part_num, part_info_1.name AS part_info_1_name, part_info_1.category_id AS part_info_1_category_id, part_info_1.part_img_url AS part_info_1_part_img_url, part_info_1.part_url AS part_info_1_part_url 
FROM part_storage LEFT OUTER JOIN part_info AS part_info_1 ON part_info_1.part_num = part_storage.part_num LEFT OUTER JOIN categories AS categories_1 ON categories_1.id = part_info_1.category_id]
(Background on this error at: https://sqlalche.me/e/20/e3q8)
2025-01-02 20:30:44,570 - app - ERROR - Failed to load master lookup data: (sqlite3.OperationalError) no such column: part_storage.part_num
[SQL: SELECT part_storage.id AS part_storage_id, part_storage.part_num AS part_storage_part_num, part_storage.location AS part_storage_location, part_storage.level AS part_storage_level, part_storage.box AS part_storage_box, categories_1.id AS categories_1_id, categories_1.name AS categories_1_name, categories_1.last_updated AS categories_1_last_updated, part_info_1.part_num AS part_info_1_part_num, part_info_1.name AS part_info_1_name, part_info_1.category_id AS part_info_1_category_id, part_info_1.part_img_url AS part_info_1_part_img_url, part_info_1.part_url AS part_info_1_part_url 
FROM part_storage LEFT OUTER JOIN part_info AS part_info_1 ON part_info_1.part_num = part_storage.part_num LEFT OUTER JOIN categories AS categories_1 ON categories_1.id = part_info_1.category_id]
(Background on this error at: https://sqlalche.me/e/20/e3q8)
2025-01-02 20:31:06,999 - app - ERROR - Failed to load master lookup data: (sqlite3.OperationalError) no such column: part_storage.part_num
[SQL: SELECT part_storage.id AS part_storage_id, part_storage.part_num AS part_storage_part_num, part_storage.location AS part_storage_location, part_storage.level AS part_storage_level, part_storage.box AS part_storage_box, categories_1.id AS categories_1_id, categories_1.name AS categories_1_name, categories_1.last_updated AS categories_1_last_updated, part_info_1.part_num AS part_info_1_part_num, part_info_1.name AS part_info_1_name, part_info_1.category_id AS part_info_1_category_id, part_info_1.part_img_url AS part_info_1_part_img_url, part_info_1.part_url AS part_info_1_part_url 
FROM part_storage LEFT OUTER JOIN part_info AS part_info_1 ON part_info_1.part_num = part_storage.part_num LEFT OUTER JOIN categories AS categories_1 ON categories_1.id = part_info_1.category_id]
(Background on this error at: https://sqlalche.me/e/20/e3q8)
2025-01-02 20:32:14,558 - app - ERROR - Failed to load master lookup data: (sqlite3.OperationalError) no such column: part_storage.part_num
[SQL: SELECT part_storage.id AS part_storage_id, part_storage.part_num AS part_storage_part_num, part_storage.location AS part_storage_location, part_storage.level AS part_storage_level, part_storage.box AS part_storage_box, categories_1.id AS categories_1_id, categories_1.name AS categories_1_name, categories_1.last_updated AS categories_1_last_updated, part_info_1.part_num AS part_info_1_part_num, part_info_1.name AS part_info_1_name, part_info_1.category_id AS part_info_1_category_id, part_info_1.part_img_url AS part_info_1_part_img_url, part_info_1.part_url AS part_info_1_part_url 
FROM part_storage LEFT OUTER JOIN part_info AS part_info_1 ON part_info_1.part_num = part_storage.part_num LEFT OUTER JOIN categories AS categories_1 ON categories_1.id = part_info_1.category_id]
(Background on this error at: https://sqlalche.me/e/20/e3q8)
2025-01-02 20:32:28,803 - app - ERROR - Failed to load master lookup data: (sqlite3.OperationalError) no such column: part_storage.part_num
[SQL: SELECT part_storage.id AS part_storage_id, part_storage.part_num AS part_storage_part_num, part_storage.location AS part_storage_location, part_storage.level AS part_storage_level, part_storage.box AS part_storage_box, categories_1.id AS categories_1_id, categories_1.name AS categories_1_name, categories_1.last_updated AS categories_1_last_updated, part_info_1.part_num AS part_info_1_part_num, part_info_1.name AS part_info_1_name, part_info_1.category_id AS part_info_1_category_id, part_info_1.part_img_url AS part_info_1_part_img_url, part_info_1.part_url AS part_info_1_part_url 
FROM part_storage LEFT OUTER JOIN part_info AS part_info_1 ON part_info_1.part_num = part_storage.part_num LEFT OUTER JOIN categories AS categories_1 ON categories_1.id = part_info_1.category_id]
(Background on this error at: https://sqlalche.me/e/20/e3q8)
2025-01-02 20:34:51,593 - app - ERROR - Failed to load master lookup data: (sqlite3.OperationalError) no such column: part_storage.part_num
[SQL: SELECT part_storage.id AS part_storage_id, part_storage.part_num AS part_storage_part_num, part_storage.location AS part_storage_location, part_storage.level AS part_storage_level, part_storage.box AS part_storage_box, categories_1.id AS categories_1_id, categories_1.name AS categories_1_name, categories_1.last_updated AS categories_1_last_updated, part_info_1.part_num AS part_info_1_part_num, part_info_1.name AS part_info_1_name, part_info_1.category_id AS part_info_1_category_id, part_info_1.part_img_url AS part_info_1_part_img_url, part_info_1.part_url AS part_info_1_part_url 
FROM part_storage LEFT OUTER JOIN part_info AS part_info_1 ON part_info_1.part_num = part_storage.part_num LEFT OUTER JOIN categories AS categories_1 ON categories_1.id = part_info_1.category_id]
(Background on this error at: https://sqlalche.me/e/20/e3q8)
2025-01-02 20:36:36,991 - app - ERROR - Failed to load master lookup data: (sqlite3.OperationalError) no such column: part_storage.part_num
[SQL: SELECT part_storage.id AS part_storage_id, part_storage.part_num AS part_storage_part_num, part_storage.location AS part_storage_location, part_storage.level AS part_storage_level, part_storage.box AS part_storage_box, categories_1.id AS categories_1_id, categories_1.name AS categories_1_name, categories_1.last_updated AS categories_1_last_updated, part_info_1.part_num AS part_info_1_part_num, part_info_1.name AS part_info_1_name, part_info_1.category_id AS part_info_1_category_id, part_info_1.part_img_url AS part_info_1_part_img_url, part_info_1.part_url AS part_info_1_part_url 
FROM part_storage LEFT OUTER JOIN part_info AS part_info_1 ON part_info_1.part_num = part_storage.part_num LEFT OUTER JOIN categories AS categories_1 ON categories_1.id = part_info_1.category_id]
(Background on this error at: https://sqlalche.me/e/20/e3q8)
2025-01-02 20:36:40,432 - app - ERROR - Failed to load master lookup data: (sqlite3.OperationalError) no such column: part_storage.part_num
[SQL: SELECT part_storage.id AS part_storage_id, part_storage.part_num AS part_storage_part_num, part_storage.location AS part_storage_location, part_storage.level AS part_storage_level, part_storage.box AS part_storage_box, categories_1.id AS categories_1_id, categories_1.name AS categories_1_name, categories_1.last_updated AS categories_1_last_updated, part_info_1.part_num AS part_info_1_part_num, part_info_1.name AS part_info_1_name, part_info_1.category_id AS part_info_1_category_id, part_info_1.part_img_url AS part_info_1_part_img_url, part_info_1.part_url AS part_info_1_part_url 
FROM part_storage LEFT OUTER JOIN part_info AS part_info_1 ON part_info_1.part_num = part_storage.part_num LEFT OUTER JOIN categories AS categories_1 ON categories_1.id = part_info_1.category_id]
(Background on this error at: https://sqlalche.me/e/20/e3q8)
2025-01-02 20:36:41,772 - app - ERROR - Failed to load master lookup data: (sqlite3.OperationalError) no such column: part_storage.part_num
[SQL: SELECT part_storage.id AS part_storage_id, part_storage.part_num AS part_storage_part_num, part_storage.location AS part_storage_location, part_storage.level AS part_storage_level, part_storage.box AS part_storage_box, categories_1.id AS categories_1_id, categories_1.name AS categories_1_name, categories_1.last_updated AS categories_1_last_updated, part_info_1.part_num AS part_info_1_part_num, part_info_1.name AS part_info_1_name, part_info_1.category_id AS part_info_1_category_id, part_info_1.part_img_url AS part_info_1_part_img_url, part_info_1.part_url AS part_info_1_part_url 
FROM part_storage LEFT OUTER JOIN part_info AS part_info_1 ON part_info_1.part_num = part_storage.part_num LEFT OUTER JOIN categories AS categories_1 ON categories_1.id = part_info_1.category_id]
(Background on this error at: https://sqlalche.me/e/20/e3q8)
2025-01-02 20:36:46,856 - app - ERROR - Failed to load master lookup data: (sqlite3.OperationalError) no such column: part_storage.part_num
[SQL: SELECT part_storage.id AS part_storage_id, part_storage.part_num AS part_storage_part_num, part_storage.location AS part_storage_location, part_storage.level AS part_storage_level, part_storage.box AS part_storage_box, categories_1.id AS categories_1_id, categories_1.name AS categories_1_name, categories_1.last_updated AS categories_1_last_updated, part_info_1.part_num AS part_info_1_part_num, part_info_1.name AS part_info_1_name, part_info_1.category_id AS part_info_1_category_id, part_info_1.part_img_url AS part_info_1_part_img_url, part_info_1.part_url AS part_info_1_part_url 
FROM part_storage LEFT OUTER JOIN part_info AS part_info_1 ON part_info_1.part_num = part_storage.part_num LEFT OUTER JOIN categories AS categories_1 ON categories_1.id = part_info_1.category_id]
(Background on this error at: https://sqlalche.me/e/20/e3q8)
2025-01-02 20:36:50,574 - app - ERROR - Failed to load master lookup data: (sqlite3.OperationalError) no such column: part_storage.part_num
[SQL: SELECT part_storage.id AS part_storage_id, part_storage.part_num AS part_storage_part_num, part_storage.location AS part_storage_location, part_storage.level AS part_storage_level, part_storage.box AS part_storage_box, categories_1.id AS categories_1_id, categories_1.name AS categories_1_name, categories_1.last_updated AS categories_1_last_updated, part_info_1.part_num AS part_info_1_part_num, part_info_1.name AS part_info_1_name, part_info_1.category_id AS part_info_1_category_id, part_info_1.part_img_url AS part_info_1_part_img_url, part_info_1.part_url AS part_info_1_part_url 
FROM part_storage LEFT OUTER JOIN part_info AS part_info_1 ON part_info_1.part_num = part_storage.part_num LEFT OUTER JOIN categories AS categories_1 ON categories_1.id = part_info_1.category_id]
(Background on this error at: https://sqlalche.me/e/20/e3q8)
2025-01-02 20:36:51,611 - app - ERROR - Failed to load master lookup data: (sqlite3.OperationalError) no such column: part_storage.part_num
[SQL: SELECT part_storage.id AS part_storage_id, part_storage.part_num AS part_storage_part_num, part_storage.location AS part_storage_location, part_storage.level AS part_storage_level, part_storage.box AS part_storage_box, categories_1.id AS categories_1_id, categories_1.name AS categories_1_name, categories_1.last_updated AS categories_1_last_updated, part_info_1.part_num AS part_info_1_part_num, part_info_1.name AS part_info_1_name, part_info_1.category_id AS part_info_1_category_id, part_info_1.part_img_url AS part_info_1_part_img_url, part_info_1.part_url AS part_info_1_part_url 
FROM part_storage LEFT OUTER JOIN part_info AS part_info_1 ON part_info_1.part_num = part_storage.part_num LEFT OUTER JOIN categories AS categories_1 ON categories_1.id = part_info_1.category_id]
(Background on this error at: https://sqlalche.me/e/20/e3q8)
2025-01-02 20:37:12,906 - app - ERROR - Failed to load master lookup data: (sqlite3.OperationalError) no such column: part_storage.part_num
[SQL: SELECT part_storage.id AS part_storage_id, part_storage.part_num AS part_storage_part_num, part_storage.location AS part_storage_location, part_storage.level AS part_storage_level, part_storage.box AS part_storage_box, categories_1.id AS categories_1_id, categories_1.name AS categories_1_name, categories_1.last_updated AS categories_1_last_updated, part_info_1.part_num AS part_info_1_part_num, part_info_1.name AS part_info_1_name, part_info_1.category_id AS part_info_1_category_id, part_info_1.part_img_url AS part_info_1_part_img_url, part_info_1.part_url AS part_info_1_part_url 
FROM part_storage LEFT OUTER JOIN part_info AS part_info_1 ON part_info_1.part_num = part_storage.part_num LEFT OUTER JOIN categories AS categories_1 ON categories_1.id = part_info_1.category_id]
(Background on this error at: https://sqlalche.me/e/20/e3q8)
2025-01-02 20:41:10,564 - app - ERROR - Failed to load master lookup data: 'PartStorage' object has no attribute 'part_id'
2025-01-02 20:41:14,801 - app - ERROR - Failed to load master lookup data: 'PartStorage' object has no attribute 'part_id'
2025-01-02 20:41:24,519 - app - ERROR - Failed to load master lookup data: 'PartStorage' object has no attribute 'part_id'
2025-01-02 20:42:13,263 - app - ERROR - Failed to load master lookup data: 'PartStorage' object has no attribute 'part_id'
2025-01-02 20:42:42,095 - app - ERROR - Failed to load master lookup data: 'PartStorage' object has no attribute 'part_id'
2025-01-02 20:42:43,863 - app - ERROR - Failed to load master lookup data: 'PartStorage' object has no attribute 'part_id'
2025-01-02 20:42:45,256 - app - ERROR - Failed to load master lookup data: 'PartStorage' object has no attribute 'part_id'
2025-01-02 20:42:58,191 - app - ERROR - Failed to load master lookup data: 'PartStorage' object has no attribute 'part_id'
2025-01-02 20:42:59,075 - app - ERROR - Failed to load master lookup data: 'PartStorage' object has no attribute 'part_id'
2025-01-02 20:48:02,732 - app - DEBUG - Fetching contents for Location: 9, Level: 3, Box: 10
2025-01-02 20:48:02,733 - app - ERROR - Error fetching box contents: type object 'PartStorage' has no attribute 'part_id'
2025-01-02 20:48:31,427 - app - ERROR - Failed to load master lookup data: 'PartStorage' object has no attribute 'part_id'
2025-01-02 20:48:31,479 - app - ERROR - Failed to load master lookup data: 'PartStorage' object has no attribute 'part_id'
2025-01-02 20:48:36,872 - app - DEBUG - Fetching contents for Location: 9, Level: 3, Box: 10
2025-01-02 20:48:36,874 - app - DEBUG - Found 3 parts in the box.
2025-01-02 20:50:08,511 - app - DEBUG - Fetching contents for Location: 2, Level: 4, Box: 13
2025-01-02 20:50:08,512 - app - DEBUG - Found 1 parts in the box.
2025-01-02 20:52:01,496 - app - DEBUG - Fetching contents for Location: 3, Level: 5, Box: 12
2025-01-02 20:52:01,497 - app - DEBUG - Found 1 parts in the box.
2025-01-02 20:52:08,044 - app - DEBUG - Fetching contents for Location: 9, Level: 3, Box: 10
2025-01-02 20:52:08,045 - app - DEBUG - Found 3 parts in the box.
2025-01-02 20:52:15,906 - app - DEBUG - Fetching contents for Location: 9, Level: 3, Box: 11
2025-01-02 20:52:15,907 - app - DEBUG - Found 2 parts in the box.
2025-01-02 20:52:18,090 - app - DEBUG - Fetching contents for Location: 9, Level: 3, Box: 13
2025-01-02 20:52:18,091 - app - DEBUG - Found 2 parts in the box.
2025-01-02 20:52:20,616 - app - DEBUG - Fetching contents for Location: 9, Level: 3, Box: 14
2025-01-02 20:52:20,617 - app - DEBUG - Found 3 parts in the box.
2025-01-02 20:52:25,003 - app - DEBUG - Fetching contents for Location: 9, Level: 3, Box: 16
2025-01-02 20:52:25,004 - app - DEBUG - Found 4 parts in the box.
2025-01-02 21:03:39,224 - app - ERROR - Failed to load master lookup data: When initializing mapper Mapper[UserSet(user_sets)], expression 'Part' failed to locate a name ('Part'). If this is a class name, consider adding this relationship() to the <class 'models.UserSet'> class after both dependent classes have been defined.
2025-01-02 21:03:40,974 - app - ERROR - Failed to load master lookup data: When initializing mapper Mapper[UserSet(user_sets)], expression 'Part' failed to locate a name ('Part'). If this is a class name, consider adding this relationship() to the <class 'models.UserSet'> class after both dependent classes have been defined.
2025-01-02 21:03:41,813 - app - ERROR - Failed to load master lookup data: When initializing mapper Mapper[UserSet(user_sets)], expression 'Part' failed to locate a name ('Part'). If this is a class name, consider adding this relationship() to the <class 'models.UserSet'> class after both dependent classes have been defined.
2025-01-02 21:06:24,953 - app - ERROR - Failed to load master lookup data: Mapper 'Mapper[UserSet(user_sets)]' has no property 'minifigure_parts'.  If this property was indicated from other mappers or configure events, ensure registry.configure() has been called.
2025-01-02 21:06:25,480 - app - ERROR - Failed to load master lookup data: Mapper 'Mapper[UserSet(user_sets)]' has no property 'minifigure_parts'.  If this property was indicated from other mappers or configure events, ensure registry.configure() has been called.
2025-01-02 21:06:54,857 - app - ERROR - Failed to load master lookup data: Mapper 'Mapper[PartInfo(part_info)]' has no property 'parts_in_sets'.  If this property was indicated from other mappers or configure events, ensure registry.configure() has been called.
2025-01-02 21:06:54,862 - app - ERROR - Failed to load master lookup data: Mapper 'Mapper[PartInfo(part_info)]' has no property 'parts_in_sets'.  If this property was indicated from other mappers or configure events, ensure registry.configure() has been called.
2025-01-02 21:07:14,667 - app - ERROR - Failed to load master lookup data: Mapper 'Mapper[UserSet(user_sets)]' has no property 'minifigure_parts'.  If this property was indicated from other mappers or configure events, ensure registry.configure() has been called.
2025-01-02 21:07:14,711 - app - ERROR - Failed to load master lookup data: Mapper 'Mapper[UserSet(user_sets)]' has no property 'minifigure_parts'.  If this property was indicated from other mappers or configure events, ensure registry.configure() has been called.
2025-01-02 21:07:37,995 - app - ERROR - Failed to load master lookup data: Mapper 'Mapper[UserSet(user_sets)]' has no property 'minifigure_parts'.  If this property was indicated from other mappers or configure events, ensure registry.configure() has been called.
2025-01-02 21:07:50,861 - app - ERROR - Failed to load master lookup data: Mapper 'Mapper[UserSet(user_sets)]' has no property 'minifigure_parts'.  If this property was indicated from other mappers or configure events, ensure registry.configure() has been called.
2025-01-02 21:07:56,288 - app - ERROR - Failed to load master lookup data: Mapper 'Mapper[UserSet(user_sets)]' has no property 'minifigure_parts'.  If this property was indicated from other mappers or configure events, ensure registry.configure() has been called.
2025-01-02 21:07:57,185 - app - ERROR - Failed to load master lookup data: Mapper 'Mapper[UserSet(user_sets)]' has no property 'minifigure_parts'.  If this property was indicated from other mappers or configure events, ensure registry.configure() has been called.
2025-01-02 21:08:27,413 - app - ERROR - Failed to load master lookup data: Mapper 'Mapper[UserSet(user_sets)]' has no property 'minifigure_parts'.  If this property was indicated from other mappers or configure events, ensure registry.configure() has been called.
2025-01-02 21:08:27,494 - app - ERROR - Failed to load master lookup data: Mapper 'Mapper[UserSet(user_sets)]' has no property 'minifigure_parts'.  If this property was indicated from other mappers or configure events, ensure registry.configure() has been called.
2025-01-02 21:09:44,631 - app - ERROR - Failed to load master lookup data: Mapper 'Mapper[UserSet(user_sets)]' has no property 'minifigure_parts'.  If this property was indicated from other mappers or configure events, ensure registry.configure() has been called.
2025-01-02 21:09:44,992 - app - ERROR - Failed to load master lookup data: Mapper 'Mapper[UserSet(user_sets)]' has no property 'minifigure_parts'.  If this property was indicated from other mappers or configure events, ensure registry.configure() has been called.
2025-01-02 21:11:10,116 - app - ERROR - Failed to load master lookup data: Mapper 'Mapper[UserSet(user_sets)]' has no property 'minifigure_parts'.  If this property was indicated from other mappers or configure events, ensure registry.configure() has been called.
2025-01-02 21:11:10,554 - app - ERROR - Failed to load master lookup data: Mapper 'Mapper[UserSet(user_sets)]' has no property 'minifigure_parts'.  If this property was indicated from other mappers or configure events, ensure registry.configure() has been called.
2025-01-02 21:11:22,048 - app - ERROR - Failed to load master lookup data: Mapper 'Mapper[UserSet(user_sets)]' has no property 'minifigure_parts'.  If this property was indicated from other mappers or configure events, ensure registry.configure() has been called.
2025-01-02 21:11:25,915 - app - ERROR - Failed to load master lookup data: Mapper 'Mapper[UserSet(user_sets)]' has no property 'minifigure_parts'.  If this property was indicated from other mappers or configure events, ensure registry.configure() has been called.
2025-01-02 21:11:29,864 - app - ERROR - Failed to load master lookup data: Mapper 'Mapper[UserSet(user_sets)]' has no property 'minifigure_parts'.  If this property was indicated from other mappers or configure events, ensure registry.configure() has been called.
2025-01-02 21:11:30,847 - app - ERROR - Failed to load master lookup data: Mapper 'Mapper[UserSet(user_sets)]' has no property 'minifigure_parts'.  If this property was indicated from other mappers or configure events, ensure registry.configure() has been called.
2025-01-02 21:14:30,074 - app - ERROR - Failed to load master lookup data: 'PartStorage' object has no attribute 'part_id'
2025-01-02 21:14:30,190 - app - ERROR - Failed to load master lookup data: 'PartStorage' object has no attribute 'part_id'
2025-01-02 21:15:12,295 - app - ERROR - Failed to load master lookup data: 'PartStorage' object has no attribute 'part_id'
2025-01-02 21:15:16,945 - app - ERROR - Failed to load master lookup data: 'PartStorage' object has no attribute 'part_id'
2025-01-02 21:15:20,588 - app - ERROR - Failed to load master lookup data: 'PartStorage' object has no attribute 'part_id'
2025-01-02 21:15:21,491 - app - ERROR - Failed to load master lookup data: 'PartStorage' object has no attribute 'part_id'
2025-01-02 21:17:54,632 - app - ERROR - Failed to load master lookup data: 'PartStorage' object has no attribute 'part_id'
2025-01-02 21:17:54,750 - app - ERROR - Failed to load master lookup data: 'PartStorage' object has no attribute 'part_id'
2025-01-02 21:19:35,954 - app - DEBUG - Master lookup data loaded successfully.
2025-01-02 21:22:49,841 - app - DEBUG - Master lookup data loaded successfully.
2025-01-02 21:23:00,325 - app - DEBUG - Master lookup data loaded successfully.
2025-01-02 21:23:59,198 - app - ERROR - Error downloading image /static/default_image.png: Invalid URL '/static/default_image.png': No scheme supplied. Perhaps you meant https:///static/default_image.png?
2025-01-02 21:24:39,307 - app - DEBUG - Fetching contents for Location: 9, Level: 3, Box: 11
2025-01-02 21:24:39,312 - app - DEBUG - Found 2 parts in the box.
2025-01-02 21:25:20,451 - app - DEBUG - Master lookup data loaded successfully.
2025-01-02 21:25:21,343 - app - DEBUG - Master lookup data loaded successfully.
2025-01-02 21:27:17,200 - app - DEBUG - Master lookup data loaded successfully.
2025-01-02 22:02:09,329 - app - DEBUG - Master lookup data loaded successfully.
2025-01-02 22:02:47,006 - app - DEBUG - Master lookup data loaded successfully.
2025-01-02 22:03:12,595 - app - DEBUG - Set search initiated for: 40700
2025-01-02 22:03:12,596 - app - DEBUG - Set number corrected to: 40700-1
2025-01-02 22:03:12,866 - app - DEBUG - Set info fetched: {'set_num': '40700-1', 'name': 'Winter Holiday Train', 'year': 2024, 'theme_id': 227, 'num_parts': 294, 'set_img_url': 'https://cdn.rebrickable.com/media/sets/40700-1/148134.jpg', 'set_url': 'https://rebrickable.com/sets/40700-1/winter-holiday-train/', 'last_modified_dt': '2024-11-19T05:26:41.756405Z'}
2025-01-02 22:03:14,675 - app - DEBUG - Parts info fetched: 107 parts found.
2025-01-02 22:03:14,824 - app - DEBUG - Minifigs info fetched: 0 minifigs found.
2025-01-02 22:03:17,889 - app - DEBUG - Adding set 40700-1 to the database with status unknown.
2025-01-02 22:04:14,933 - app - ERROR - Error downloading image /static/default_image.png: Invalid URL '/static/default_image.png': No scheme supplied. Perhaps you meant https:///static/default_image.png?
2025-01-02 22:04:14,934 - app - ERROR - Error downloading image /static/default_image.png: Invalid URL '/static/default_image.png': No scheme supplied. Perhaps you meant https:///static/default_image.png?
2025-01-03 07:50:30,133 - app - DEBUG - Master lookup data loaded successfully.
2025-01-03 07:50:31,154 - app - DEBUG - Master lookup data loaded successfully.
2025-01-03 08:05:01,390 - app - DEBUG - Master lookup data loaded successfully.
2025-01-03 08:05:48,384 - app - DEBUG - Master lookup data loaded successfully.
2025-01-03 08:05:59,993 - app - DEBUG - Master lookup data loaded successfully.
2025-01-03 08:08:12,392 - app - DEBUG - Master lookup data loaded successfully.
2025-01-03 08:10:34,098 - app - DEBUG - Master lookup data loaded successfully.
2025-01-03 08:11:19,005 - app - DEBUG - Master lookup data loaded successfully.
2025-01-03 08:14:07,871 - app - DEBUG - Master lookup data loaded successfully.
2025-01-03 08:22:47,444 - app - DEBUG - Master lookup data loaded successfully.
2025-01-03 08:24:40,780 - app - DEBUG - Master lookup data loaded successfully.
2025-01-03 08:24:55,173 - app - ERROR - Error downloading image /static/default_image.png: Invalid URL '/static/default_image.png': No scheme supplied. Perhaps you meant https:///static/default_image.png?
2025-01-03 08:25:35,398 - app - ERROR - Error downloading image /static/default_image.png: Invalid URL '/static/default_image.png': No scheme supplied. Perhaps you meant https:///static/default_image.png?
2025-01-03 08:25:42,368 - app - ERROR - Error downloading image /static/default_image.png: Invalid URL '/static/default_image.png': No scheme supplied. Perhaps you meant https:///static/default_image.png?
2025-01-03 08:25:48,442 - app - ERROR - Error downloading image /static/default_image.png: Invalid URL '/static/default_image.png': No scheme supplied. Perhaps you meant https:///static/default_image.png?
2025-01-03 08:25:49,416 - app - ERROR - Error downloading image /static/default_image.png: Invalid URL '/static/default_image.png': No scheme supplied. Perhaps you meant https:///static/default_image.png?
2025-01-03 08:25:59,175 - app - ERROR - Error downloading image /static/default_image.png: Invalid URL '/static/default_image.png': No scheme supplied. Perhaps you meant https:///static/default_image.png?
2025-01-03 08:25:59,530 - app - ERROR - Error downloading image /static/default_image.png: Invalid URL '/static/default_image.png': No scheme supplied. Perhaps you meant https:///static/default_image.png?
2025-01-03 08:50:30,173 - app - INFO - Database backed up to C:\Users\Holge\OneDrive\python\Lego_Manager\lego_scanner\instance/lego_scanner.db.20250103_085030.backup.db
2025-01-03 09:24:40,804 - app - INFO - Database backed up to C:\Users\Holge\OneDrive\python\Lego_Manager\lego_scanner\instance/lego_scanner.db.20250103_092440.backup.db
2025-01-03 12:43:25,298 - app - DEBUG - Master lookup data loaded successfully.
2025-01-03 12:43:58,714 - app - DEBUG - Master lookup data loaded successfully.
2025-01-03 12:44:58,206 - app - DEBUG - Master lookup data loaded successfully.
2025-01-03 12:45:36,789 - app - DEBUG - Master lookup data loaded successfully.
2025-01-03 12:45:46,259 - app - DEBUG - Master lookup data loaded successfully.
2025-01-03 12:46:33,280 - app - DEBUG - Master lookup data loaded successfully.
2025-01-03 12:46:34,010 - app - ERROR - Error downloading image /static/default_image.png: Invalid URL '/static/default_image.png': No scheme supplied. Perhaps you meant https:///static/default_image.png?
2025-01-03 12:47:14,992 - app - DEBUG - Master lookup data loaded successfully.
2025-01-03 12:49:15,996 - app - DEBUG - Master lookup data loaded successfully.
2025-01-03 12:49:35,891 - app - DEBUG - Master lookup data loaded successfully.
2025-01-03 12:50:30,181 - app - INFO - Database backed up to C:\Users\Holge\OneDrive\python\Lego_Manager\lego_scanner\instance/lego_scanner.db.20250103_125030.backup.db
2025-01-03 12:50:38,537 - app - DEBUG - Master lookup data loaded successfully.
2025-01-03 12:50:56,266 - app - DEBUG - Master lookup data loaded successfully.
2025-01-03 12:50:58,321 - app - DEBUG - Master lookup data loaded successfully.
2025-01-03 12:52:27,620 - app - DEBUG - Master lookup data loaded successfully.
2025-01-03 12:52:28,495 - app - DEBUG - Master lookup data loaded successfully.
2025-01-03 12:52:48,350 - app - DEBUG - Master lookup data loaded successfully.
2025-01-03 12:54:06,291 - app - DEBUG - Master lookup data loaded successfully.
2025-01-03 12:55:23,149 - app - DEBUG - Master lookup data loaded successfully.
2025-01-03 12:55:24,035 - app - DEBUG - Master lookup data loaded successfully.
2025-01-03 13:03:44,529 - app - DEBUG - Master lookup data loaded successfully.
2025-01-03 13:07:36,974 - app - DEBUG - Master lookup data loaded successfully.
2025-01-03 13:07:37,851 - app - DEBUG - Master lookup data loaded successfully.
2025-01-03 13:07:39,714 - app - DEBUG - Konvolut parts: []
2025-01-03 13:07:39,714 - app - DEBUG - Missing Konvolut Parts Sum: 0
2025-01-03 13:50:57,062 - app - DEBUG - Master lookup data loaded successfully.
2025-01-03 13:50:59,217 - app - DEBUG - Konvolut parts: []
2025-01-03 13:50:59,217 - app - DEBUG - Missing Konvolut Parts Sum: 0
2025-01-03 13:51:00,442 - app - WARNING - Invalid or missing image URL. Using fallback image.
2025-01-03 13:51:02,223 - app - DEBUG - Konvolut parts: []
2025-01-03 13:51:02,223 - app - DEBUG - Missing Konvolut Parts Sum: 0
2025-01-03 13:51:17,077 - app - DEBUG - Master lookup data loaded successfully.
2025-01-03 13:52:36,369 - app - DEBUG - Master lookup data loaded successfully.
2025-01-03 13:52:45,711 - app - DEBUG - Master lookup data loaded successfully.
2025-01-03 13:52:56,887 - app - WARNING - Invalid or missing image URL. Using fallback image.
2025-01-03 13:53:03,915 - app - WARNING - Invalid or missing image URL. Using fallback image.
2025-01-03 13:53:04,142 - app - WARNING - Invalid or missing image URL. Using fallback image.
2025-01-03 13:53:04,396 - app - WARNING - Invalid or missing image URL. Using fallback image.
2025-01-03 13:53:04,472 - app - WARNING - Invalid or missing image URL. Using fallback image.
2025-01-03 13:53:04,908 - app - WARNING - Invalid or missing image URL. Using fallback image.
2025-01-03 13:53:04,935 - app - WARNING - Invalid or missing image URL. Using fallback image.
2025-01-03 13:53:20,940 - app - WARNING - Invalid or missing image URL. Using fallback image.
2025-01-03 13:54:14,258 - app - DEBUG - Master lookup data loaded successfully.
2025-01-03 13:54:28,888 - app - DEBUG - Master lookup data loaded successfully.
2025-01-03 13:54:31,323 - app - WARNING - Invalid or missing image URL. Using fallback image.
2025-01-03 13:54:36,919 - app - WARNING - Invalid or missing image URL. Using fallback image.
2025-01-03 13:54:59,591 - app - WARNING - Invalid or missing image URL. Using fallback image.
2025-01-03 14:07:36,994 - app - INFO - Database backed up to C:\Users\Holge\OneDrive\python\Lego_Manager\lego_scanner\instance/lego_scanner.db.20250103_140736.backup.db
2025-01-03 14:17:47,838 - app - DEBUG - Master lookup data loaded successfully.
2025-01-03 14:17:51,721 - app - WARNING - Invalid or missing image URL. Using fallback image.
2025-01-03 14:17:54,478 - app - DEBUG - Updating PartInSet ID 8964 to quantity 1
2025-01-03 14:17:54,479 - app - INFO - Successfully updated 1 records.
2025-01-03 14:17:58,521 - app - WARNING - Invalid or missing image URL. Using fallback image.
2025-01-03 14:18:16,328 - app - WARNING - Invalid or missing image URL. Using fallback image.
2025-01-03 14:21:00,184 - app - DEBUG - Master lookup data loaded successfully.
2025-01-03 14:21:35,732 - app - WARNING - Invalid or missing image URL. Using fallback image.
2025-01-03 14:21:54,533 - app - DEBUG - Master lookup data loaded successfully.
2025-01-03 14:22:03,178 - app - WARNING - Invalid or missing image URL. Using fallback image.
2025-01-03 14:22:05,896 - app - DEBUG - Updating PartInSet ID 8964 to quantity 0
2025-01-03 14:22:05,907 - app - INFO - Successfully updated 1 records.
2025-01-03 14:40:10,170 - app - WARNING - Invalid or missing image URL. Using fallback image.
2025-01-03 14:41:05,057 - app - DEBUG - Master lookup data loaded successfully.
2025-01-03 14:41:07,969 - app - WARNING - Invalid or missing image URL. Using fallback image.
2025-01-03 14:41:08,200 - app - WARNING - Invalid or missing image URL. Using fallback image.
2025-01-03 14:41:08,464 - app - WARNING - Invalid or missing image URL. Using fallback image.
2025-01-03 14:41:08,538 - app - WARNING - Invalid or missing image URL. Using fallback image.
2025-01-03 14:41:08,963 - app - WARNING - Invalid or missing image URL. Using fallback image.
2025-01-03 14:41:08,990 - app - WARNING - Invalid or missing image URL. Using fallback image.
2025-01-03 14:41:55,962 - app - WARNING - Invalid or missing image URL. Using fallback image.
2025-01-03 14:41:56,192 - app - WARNING - Invalid or missing image URL. Using fallback image.
2025-01-03 14:41:56,442 - app - WARNING - Invalid or missing image URL. Using fallback image.
2025-01-03 14:41:56,521 - app - WARNING - Invalid or missing image URL. Using fallback image.
2025-01-03 14:41:56,961 - app - WARNING - Invalid or missing image URL. Using fallback image.
2025-01-03 14:41:56,992 - app - WARNING - Invalid or missing image URL. Using fallback image.
2025-01-03 14:42:55,342 - app - DEBUG - Master lookup data loaded successfully.
2025-01-03 14:43:04,735 - app - DEBUG - Master lookup data loaded successfully.
2025-01-03 14:43:22,496 - app - DEBUG - Master lookup data loaded successfully.
2025-01-03 14:43:26,702 - app - DEBUG - Master lookup data loaded successfully.
2025-01-03 14:45:25,686 - app - DEBUG - Master lookup data loaded successfully.
2025-01-03 14:45:52,857 - app - DEBUG - Master lookup data loaded successfully.
2025-01-03 14:48:04,391 - app - WARNING - Invalid or missing image URL. Using fallback image.
2025-01-03 14:48:14,395 - app - WARNING - Invalid or missing image URL. Using fallback image.
2025-01-03 14:48:14,632 - app - WARNING - Invalid or missing image URL. Using fallback image.
2025-01-03 14:48:14,902 - app - WARNING - Invalid or missing image URL. Using fallback image.
2025-01-03 14:48:14,984 - app - WARNING - Invalid or missing image URL. Using fallback image.
2025-01-03 14:48:15,431 - app - WARNING - Invalid or missing image URL. Using fallback image.
2025-01-03 14:48:15,459 - app - WARNING - Invalid or missing image URL. Using fallback image.
2025-01-03 14:48:33,354 - app - DEBUG - Fetching contents for Location: 9, Level: 3, Box: 10
2025-01-03 14:48:33,357 - app - DEBUG - Found 3 parts in the box.
2025-01-03 14:55:19,923 - app - DEBUG - Master lookup data loaded successfully.
2025-01-03 14:56:56,948 - app - DEBUG - Master lookup data loaded successfully.
2025-01-03 14:57:13,525 - app - DEBUG - Fetching contents for Location: 9, Level: 3, Box: 10
2025-01-03 14:57:13,528 - app - DEBUG - Found 3 parts in the box.
2025-01-03 14:58:30,445 - app - DEBUG - Fetching contents for Location: 9, Level: 3, Box: 10
2025-01-03 14:58:30,446 - app - DEBUG - Found 3 parts in the box.
2025-01-03 14:59:20,733 - app - DEBUG - Fetching contents for Location: 9, Level: 3, Box: 10
2025-01-03 14:59:20,734 - app - DEBUG - Found 3 parts in the box.
2025-01-03 15:00:06,903 - app - DEBUG - Fetching contents for Location: 1, Level: 2, Box: 100
2025-01-03 15:00:06,905 - app - DEBUG - Found 1 parts in the box.
2025-01-03 15:01:28,251 - app - DEBUG - Master lookup data loaded successfully.
2025-01-03 15:01:37,123 - app - DEBUG - Fetching contents for Location: 9, Level: 3, Box: 10
2025-01-03 15:01:37,125 - app - DEBUG - Found 3 parts in the box.
2025-01-03 15:03:03,339 - app - DEBUG - Master lookup data loaded successfully.
2025-01-03 15:03:13,402 - app - DEBUG - Fetching contents for Location: 9, Level: 3, Box: 10
2025-01-03 15:03:13,405 - app - DEBUG - Found 3 parts in the box.
2025-01-03 15:07:25,427 - app - DEBUG - Master lookup data loaded successfully.
2025-01-03 15:07:26,372 - app - DEBUG - Master lookup data loaded successfully.
2025-01-03 15:07:37,954 - app - DEBUG - Fetching contents for Location: 9, Level: 3, Box: 10
2025-01-03 15:07:37,957 - app - DEBUG - Found 3 parts in the box.
2025-01-03 15:10:29,970 - app - DEBUG - Master lookup data loaded successfully.
2025-01-03 15:10:45,633 - app - DEBUG - Master lookup data loaded successfully.
2025-01-03 15:10:53,764 - app - DEBUG - Fetching contents for Location: 9, Level: 3, Box: 10
2025-01-03 15:10:53,766 - app - DEBUG - Found 3 parts in the box.
2025-01-03 15:11:45,278 - app - DEBUG - Master lookup data loaded successfully.
2025-01-03 15:11:46,284 - app - DEBUG - Master lookup data loaded successfully.
2025-01-03 15:12:16,487 - app - DEBUG - Master lookup data loaded successfully.
2025-01-03 15:12:23,919 - app - DEBUG - Fetching contents for Location: 3, Level: 5, Box: 15
2025-01-03 15:12:23,922 - app - DEBUG - Found 1 parts in the box.
2025-01-03 15:12:47,792 - app - DEBUG - Fetching contents for Location: 9, Level: 3, Box: 10
2025-01-03 15:12:47,793 - app - DEBUG - Found 3 parts in the box.
2025-01-03 15:14:18,127 - app - DEBUG - Fetching contents for Location: 9, Level: 3, Box: 10
2025-01-03 15:14:18,267 - app - DEBUG - Found 3 parts in the box.
2025-01-03 15:14:19,643 - app - DEBUG - Master lookup data loaded successfully.
2025-01-03 15:14:42,585 - app - DEBUG - Fetching contents for Location: 9, Level: 3, Box: 10
2025-01-03 15:14:42,726 - app - DEBUG - Found 3 parts in the box.
2025-01-03 15:14:44,165 - app - DEBUG - Master lookup data loaded successfully.
2025-01-03 15:15:10,764 - app - DEBUG - Master lookup data loaded successfully.
2025-01-03 15:15:11,692 - app - DEBUG - Master lookup data loaded successfully.
2025-01-03 15:15:17,868 - app - DEBUG - Fetching contents for Location: 9, Level: 3, Box: 10
2025-01-03 15:15:17,871 - app - DEBUG - Found 3 parts in the box.
2025-01-03 15:17:18,729 - app - DEBUG - Master lookup data loaded successfully.
2025-01-03 15:17:22,042 - app - DEBUG - Fetching contents for Location: 9, Level: 3, Box: 10
2025-01-03 15:17:22,044 - app - DEBUG - Found 3 parts in the box.
2025-01-03 15:18:11,387 - app - DEBUG - Master lookup data loaded successfully.
2025-01-03 15:18:12,858 - app - DEBUG - Fetching contents for Location: 9, Level: 3, Box: 10
2025-01-03 15:18:12,861 - app - DEBUG - Found 3 parts in the box.
2025-01-03 15:21:44,861 - app - DEBUG - Master lookup data loaded successfully.
2025-01-03 15:21:45,724 - app - DEBUG - Master lookup data loaded successfully.
2025-01-03 15:21:53,459 - app - DEBUG - Fetching contents for Location: 9, Level: 3, Box: 10
2025-01-03 15:21:53,461 - app - DEBUG - Found 3 parts in the box.
2025-01-03 15:23:36,483 - app - DEBUG - Fetching contents for Location: 9, Level: 3, Box: 10
2025-01-03 15:23:36,825 - app - DEBUG - Found 3 parts in the box.
2025-01-03 15:23:49,831 - app - DEBUG - Master lookup data loaded successfully.
2025-01-03 15:23:50,808 - app - DEBUG - Master lookup data loaded successfully.
2025-01-03 15:24:00,303 - app - DEBUG - Fetching contents for Location: 9, Level: 3, Box: 10
2025-01-03 15:24:00,306 - app - DEBUG - Found 3 parts in the box.
2025-01-03 15:24:37,646 - app - DEBUG - Master lookup data loaded successfully.
2025-01-03 15:24:38,555 - app - DEBUG - Master lookup data loaded successfully.
2025-01-03 15:24:40,008 - app - DEBUG - Fetching contents for Location: 9, Level: 3, Box: 10
2025-01-03 15:24:40,011 - app - DEBUG - Found 3 parts in the box.
2025-01-03 15:24:41,426 - app - DEBUG - Fetching contents for Location: 9, Level: 3, Box: 10
2025-01-03 15:24:41,427 - app - DEBUG - Found 3 parts in the box.
2025-01-03 15:26:44,022 - app - DEBUG - Master lookup data loaded successfully.
2025-01-03 15:26:48,298 - app - DEBUG - Fetching contents for Location: 9, Level: 3, Box: 10
2025-01-03 15:26:48,301 - app - DEBUG - Found 3 parts in the box.
2025-01-03 15:28:14,780 - app - DEBUG - Master lookup data loaded successfully.
2025-01-03 15:28:15,646 - app - DEBUG - Master lookup data loaded successfully.
2025-01-03 15:28:15,800 - app - DEBUG - Fetching contents for Location: 9, Level: 3, Box: 10
2025-01-03 15:28:15,803 - app - DEBUG - Found 3 parts in the box.
2025-01-03 15:30:05,509 - app - DEBUG - Fetching contents for Location: 9, Level: 3, Box: 10
2025-01-03 15:30:05,649 - app - DEBUG - Found 3 parts in the box.
2025-01-03 15:30:11,896 - app - DEBUG - Master lookup data loaded successfully.
2025-01-03 15:30:26,703 - app - DEBUG - Master lookup data loaded successfully.
2025-01-03 15:30:27,772 - app - DEBUG - Master lookup data loaded successfully.
2025-01-03 15:30:28,742 - app - DEBUG - Fetching contents for Location: 9, Level: 3, Box: 10
2025-01-03 15:30:28,745 - app - DEBUG - Found 3 parts in the box.
2025-01-03 15:32:00,180 - app - DEBUG - Fetching contents for Location: 9, Level: 3, Box: 10
2025-01-03 15:32:00,397 - app - DEBUG - Found 3 parts in the box.
2025-01-03 15:32:02,570 - app - DEBUG - Master lookup data loaded successfully.
2025-01-03 15:32:25,564 - app - DEBUG - Master lookup data loaded successfully.
2025-01-03 15:32:46,523 - app - DEBUG - Master lookup data loaded successfully.
2025-01-03 15:33:21,058 - app - DEBUG - Master lookup data loaded successfully.
2025-01-03 15:33:27,674 - app - DEBUG - Fetching contents for Location: 9, Level: 3, Box: 10
2025-01-03 15:33:27,677 - app - DEBUG - Found 3 parts in the box.
2025-01-03 15:33:28,240 - app - ERROR - Error generating box label: 'max_width'
2025-01-03 15:34:04,960 - app - DEBUG - Master lookup data loaded successfully.
2025-01-03 15:34:11,586 - app - DEBUG - Fetching contents for Location: 9, Level: 3, Box: 10
2025-01-03 15:34:11,589 - app - DEBUG - Found 3 parts in the box.
2025-01-03 15:34:27,634 - app - DEBUG - Fetching contents for Location: 9, Level: 3, Box: 11
2025-01-03 15:34:27,636 - app - DEBUG - Found 2 parts in the box.
2025-01-03 15:34:37,888 - app - DEBUG - Fetching contents for Location: 9, Level: 3, Box: 13
2025-01-03 15:34:37,889 - app - DEBUG - Found 2 parts in the box.
2025-01-03 15:34:41,483 - app - DEBUG - Fetching contents for Location: 9, Level: 3, Box: 14
2025-01-03 15:34:41,484 - app - DEBUG - Found 3 parts in the box.
2025-01-03 15:34:44,495 - app - DEBUG - Fetching contents for Location: 9, Level: 3, Box: 16
2025-01-03 15:34:44,496 - app - DEBUG - Found 4 parts in the box.
2025-01-03 15:36:21,898 - app - DEBUG - Master lookup data loaded successfully.
2025-01-03 15:36:25,033 - app - DEBUG - Master lookup data loaded successfully.
2025-01-03 15:36:34,514 - app - DEBUG - Master lookup data loaded successfully.
2025-01-03 15:36:42,712 - app - DEBUG - Fetching contents for Location: 9, Level: 3, Box: 10
2025-01-03 15:36:42,715 - app - DEBUG - Found 3 parts in the box.
2025-01-03 15:37:40,600 - app - DEBUG - Fetching contents for Location: 9, Level: 3, Box: 17
2025-01-03 15:37:40,603 - app - DEBUG - Found 5 parts in the box.
2025-01-03 15:39:47,106 - app - DEBUG - Master lookup data loaded successfully.
2025-01-03 15:39:47,967 - app - DEBUG - Master lookup data loaded successfully.
2025-01-03 15:39:53,943 - app - DEBUG - Fetching contents for Location: 9, Level: 3, Box: 10
2025-01-03 15:39:53,946 - app - DEBUG - Found 3 parts in the box.
2025-01-03 15:41:57,450 - app - DEBUG - Master lookup data loaded successfully.
2025-01-03 15:42:42,447 - app - DEBUG - Fetching contents for Location: 9, Level: 3, Box: 10
2025-01-03 15:42:42,449 - app - DEBUG - Found 3 parts in the box.
2025-01-03 15:43:37,787 - app - DEBUG - Master lookup data loaded successfully.
2025-01-03 15:43:46,129 - app - DEBUG - Fetching contents for Location: 9, Level: 3, Box: 10
2025-01-03 15:43:46,132 - app - DEBUG - Found 3 parts in the box.
2025-01-03 15:44:13,386 - app - DEBUG - Master lookup data loaded successfully.
2025-01-03 15:44:19,581 - app - DEBUG - Fetching contents for Location: 9, Level: 3, Box: 10
2025-01-03 15:44:19,583 - app - DEBUG - Found 3 parts in the box.
2025-01-03 15:44:42,863 - app - DEBUG - Fetching contents for Location: 1, Level: 1, Box: 10
2025-01-03 15:44:42,864 - app - DEBUG - Found 1 parts in the box.
2025-01-03 15:58:29,425 - app - DEBUG - Master lookup data loaded successfully.
2025-01-03 15:58:33,657 - app - DEBUG - Fetching contents for Location: 1, Level: 1, Box: 10
2025-01-03 15:58:33,660 - app - DEBUG - Found 1 parts in the box.
2025-01-03 15:58:46,070 - app - DEBUG - Master lookup data loaded successfully.
2025-01-03 15:58:47,121 - app - DEBUG - Master lookup data loaded successfully.
2025-01-03 15:58:51,233 - app - DEBUG - Fetching contents for Location: 1, Level: 3, Box: 13
2025-01-03 15:58:51,236 - app - DEBUG - Found 1 parts in the box.
2025-01-03 15:59:03,899 - app - DEBUG - Fetching contents for Location: 9, Level: 3, Box: 19
2025-01-03 15:59:03,901 - app - DEBUG - Found 1 parts in the box.
2025-01-03 15:59:06,534 - app - DEBUG - Fetching contents for Location: 9, Level: 3, Box: 18
2025-01-03 15:59:06,535 - app - DEBUG - Found 2 parts in the box.
2025-01-03 15:59:15,823 - app - DEBUG - Fetching contents for Location: 9, Level: 3, Box: 19
2025-01-03 15:59:15,825 - app - DEBUG - Found 1 parts in the box.
2025-01-03 16:15:14,633 - app - DEBUG - Master lookup data loaded successfully.
2025-01-03 16:15:23,804 - app - DEBUG - Fetching contents for Location: 9, Level: 3, Box: 10
2025-01-03 16:15:23,807 - app - DEBUG - Found 3 parts in the box.
2025-01-03 16:16:07,942 - app - DEBUG - Master lookup data loaded successfully.
2025-01-03 16:18:46,670 - app - DEBUG - Master lookup data loaded successfully.
2025-01-03 16:18:50,145 - app - ERROR - Error generating box label: [WinError 2] Das System kann die angegebene Datei nicht finden: 'C:\\Users\\Holge\\OneDrive\\python\\Lego_Manager\\lego_scanner\\uploads\\9_3_10_label.jpg'
2025-01-03 16:19:41,997 - app - DEBUG - Master lookup data loaded successfully.
2025-01-03 16:28:31,780 - app - DEBUG - Master lookup data loaded successfully.
2025-01-03 16:28:32,666 - app - DEBUG - Master lookup data loaded successfully.
2025-01-03 16:32:16,126 - app - DEBUG - Master lookup data loaded successfully.
2025-01-03 16:32:47,054 - app - ERROR - Error generating labels: division by zero
2025-01-03 16:34:14,059 - app - DEBUG - Master lookup data loaded successfully.
2025-01-03 16:34:51,703 - app - DEBUG - Master lookup data loaded successfully.
2025-01-03 16:35:41,853 - app - DEBUG - Master lookup data loaded successfully.
2025-01-03 16:36:04,620 - app - ERROR - Error generating labels: division by zero
2025-01-03 16:36:22,452 - app - DEBUG - Fetching contents for Location: 1, Level: 4, Box: 1-2
2025-01-03 16:36:22,453 - app - DEBUG - Found 0 parts in the box.
2025-01-03 16:38:12,055 - app - ERROR - Error generating labels: division by zero
2025-01-03 16:39:49,228 - app - DEBUG - Master lookup data loaded successfully.
2025-01-03 16:40:02,954 - app - ERROR - Error generating labels: 'PartInfo' object has no attribute 'part_info'
2025-01-03 16:41:21,157 - app - DEBUG - Master lookup data loaded successfully.
2025-01-03 16:41:41,053 - app - DEBUG - Master lookup data loaded successfully.
2025-01-03 16:41:43,188 - app - DEBUG - Master lookup data loaded successfully.
2025-01-03 16:42:30,002 - app - WARNING - Invalid or missing image URL. Using fallback image.
2025-01-03 16:42:30,011 - app - WARNING - Invalid or missing image URL. Using fallback image.
2025-01-03 16:42:52,560 - app - WARNING - Invalid or missing image URL. Using fallback image.
2025-01-03 16:42:52,575 - app - WARNING - Invalid or missing image URL. Using fallback image.
2025-01-03 16:44:53,803 - app - DEBUG - Master lookup data loaded successfully.
2025-01-03 16:44:54,731 - app - DEBUG - Master lookup data loaded successfully.
2025-01-03 16:45:11,516 - app - DEBUG - Master lookup data loaded successfully.
2025-01-03 16:45:11,610 - app - WARNING - Skipping entry with incomplete box info: <PartStorage 30374pr0001 - Location: , Level: , Box: >
2025-01-03 16:45:11,610 - app - WARNING - Skipping entry with incomplete box info: <PartStorage 200 - Location: , Level: , Box: >
2025-01-03 16:45:11,610 - app - WARNING - Skipping entry with incomplete box info: <PartStorage 202 - Location: , Level: , Box: >
2025-01-03 16:45:11,611 - app - WARNING - Skipping entry with incomplete box info: <PartStorage 570 - Location: , Level: , Box: >
2025-01-03 16:45:11,611 - app - WARNING - Skipping entry with incomplete box info: <PartStorage 572 - Location: , Level: , Box: >
2025-01-03 16:45:11,611 - app - WARNING - Skipping entry with incomplete box info: <PartStorage 741 - Location: , Level: , Box: >
2025-01-03 16:45:11,611 - app - WARNING - Skipping entry with incomplete box info: <PartStorage 742 - Location: , Level: , Box: >
2025-01-03 16:45:11,612 - app - WARNING - Skipping entry with incomplete box info: <PartStorage 743 - Location: , Level: , Box: >
2025-01-03 16:45:11,612 - app - WARNING - Skipping entry with incomplete box info: <PartStorage 744 - Location: , Level: , Box: >
2025-01-03 16:45:11,612 - app - WARNING - Skipping entry with incomplete box info: <PartStorage 2428 - Location: , Level: , Box: >
2025-01-03 16:45:11,612 - app - WARNING - Skipping entry with incomplete box info: <PartStorage 2471 - Location: , Level: , Box: >
2025-01-03 16:45:11,612 - app - WARNING - Skipping entry with incomplete box info: <PartStorage 2473 - Location: , Level: , Box: >
2025-01-03 16:45:11,613 - app - WARNING - Skipping entry with incomplete box info: <PartStorage 2474 - Location: , Level: , Box: >
2025-01-03 16:45:11,613 - app - WARNING - Skipping entry with incomplete box info: <PartStorage 2855 - Location: , Level: , Box: >
2025-01-03 16:45:11,613 - app - WARNING - Skipping entry with incomplete box info: <PartStorage 2856 - Location: , Level: , Box: >
2025-01-03 16:45:11,613 - app - WARNING - Skipping entry with incomplete box info: <PartStorage 3584 - Location: , Level: , Box: >
2025-01-03 16:45:11,613 - app - WARNING - Skipping entry with incomplete box info: <PartStorage 3590 - Location: , Level: , Box: >
2025-01-03 16:45:11,613 - app - WARNING - Skipping entry with incomplete box info: <PartStorage 4158 - Location: , Level: , Box: >
2025-01-03 16:45:11,613 - app - WARNING - Skipping entry with incomplete box info: <PartStorage 4159 - Location: , Level: , Box: >
2025-01-03 16:45:11,614 - app - WARNING - Skipping entry with incomplete box info: <PartStorage 5405 - Location: , Level: , Box: >
2025-01-03 16:45:11,614 - app - WARNING - Skipping entry with incomplete box info: <PartStorage 6574 - Location: , Level: , Box: >
2025-01-03 16:45:11,614 - app - WARNING - Skipping entry with incomplete box info: <PartStorage 6592 - Location: , Level: , Box: >
2025-01-03 16:45:11,614 - app - WARNING - Skipping entry with incomplete box info: <PartStorage 15457 - Location: , Level: , Box: >
2025-01-03 16:45:11,616 - app - WARNING - Skipping entry with incomplete box info: <PartStorage 18938 - Location: , Level: , Box: >
2025-01-03 16:45:11,616 - app - WARNING - Skipping entry with incomplete box info: <PartStorage 18939 - Location: , Level: , Box: >
2025-01-03 16:45:11,616 - app - WARNING - Skipping entry with incomplete box info: <PartStorage 18940 - Location: , Level: , Box: >
2025-01-03 16:45:11,616 - app - WARNING - Skipping entry with incomplete box info: <PartStorage 18942 - Location: , Level: , Box: >
2025-01-03 16:45:11,616 - app - WARNING - Skipping entry with incomplete box info: <PartStorage 24121 - Location: , Level: , Box: >
2025-01-03 16:45:11,616 - app - WARNING - Skipping entry with incomplete box info: <PartStorage 32060 - Location: , Level: , Box: >
2025-01-03 16:45:11,616 - app - WARNING - Skipping entry with incomplete box info: <PartStorage 32132 - Location: , Level: , Box: >
2025-01-03 16:45:11,617 - app - WARNING - Skipping entry with incomplete box info: <PartStorage 32170 - Location: , Level: , Box: >
2025-01-03 16:45:11,617 - app - WARNING - Skipping entry with incomplete box info: <PartStorage 32185 - Location: , Level: , Box: >
2025-01-03 16:45:11,617 - app - WARNING - Skipping entry with incomplete box info: <PartStorage 32311 - Location: , Level: , Box: >
2025-01-03 16:45:11,617 - app - WARNING - Skipping entry with incomplete box info: <PartStorage 32498 - Location: , Level: , Box: >
2025-01-03 16:45:11,617 - app - WARNING - Skipping entry with incomplete box info: <PartStorage 32905 - Location: , Level: , Box: >
2025-01-03 16:45:11,617 - app - WARNING - Skipping entry with incomplete box info: <PartStorage 41666 - Location: , Level: , Box: >
2025-01-03 16:45:11,617 - app - WARNING - Skipping entry with incomplete box info: <PartStorage 41667 - Location: , Level: , Box: >
2025-01-03 16:45:11,617 - app - WARNING - Skipping entry with incomplete box info: <PartStorage 42529 - Location: , Level: , Box: >
2025-01-03 16:45:11,617 - app - WARNING - Skipping entry with incomplete box info: <PartStorage 44556 - Location: , Level: , Box: >
2025-01-03 16:45:11,617 - app - WARNING - Skipping entry with incomplete box info: <PartStorage 46372 - Location: , Level: , Box: >
2025-01-03 16:45:11,617 - app - WARNING - Skipping entry with incomplete box info: <PartStorage 48168 - Location: , Level: , Box: >
2025-01-03 16:45:11,618 - app - WARNING - Skipping entry with incomplete box info: <PartStorage 48452 - Location: , Level: , Box: >
2025-01-03 16:45:11,618 - app - WARNING - Skipping entry with incomplete box info: <PartStorage 50163 - Location: , Level: , Box: >
2025-01-03 16:45:11,618 - app - WARNING - Skipping entry with incomplete box info: <PartStorage 57519 - Location: , Level: , Box: >
2025-01-03 16:45:11,618 - app - WARNING - Skipping entry with incomplete box info: <PartStorage 64781 - Location: , Level: , Box: >
2025-01-03 16:45:11,618 - app - WARNING - Skipping entry with incomplete box info: <PartStorage 65413 - Location: , Level: , Box: >
2025-01-03 16:45:11,618 - app - WARNING - Skipping entry with incomplete box info: <PartStorage 65414 - Location: , Level: , Box: >
2025-01-03 16:45:11,618 - app - WARNING - Skipping entry with incomplete box info: <PartStorage 69761 - Location: , Level: , Box: >
2025-01-03 16:45:11,618 - app - WARNING - Skipping entry with incomplete box info: <PartStorage 69762 - Location: , Level: , Box: >
2025-01-03 16:45:11,618 - app - WARNING - Skipping entry with incomplete box info: <PartStorage 69778 - Location: , Level: , Box: >
2025-01-03 16:45:11,618 - app - WARNING - Skipping entry with incomplete box info: <PartStorage 69779 - Location: , Level: , Box: >
2025-01-03 16:45:11,618 - app - WARNING - Skipping entry with incomplete box info: <PartStorage 73071 - Location: , Level: , Box: >
2025-01-03 16:45:11,618 - app - WARNING - Skipping entry with incomplete box info: <PartStorage 73763 - Location: , Level: , Box: >
2025-01-03 16:45:11,619 - app - WARNING - Skipping entry with incomplete box info: <PartStorage 78442 - Location: , Level: , Box: >
2025-01-03 16:45:11,619 - app - WARNING - Skipping entry with incomplete box info: <PartStorage 81346 - Location: , Level: , Box: >
2025-01-03 16:45:11,619 - app - WARNING - Skipping entry with incomplete box info: <PartStorage 88738 - Location: , Level: , Box: >
2025-01-03 16:45:11,619 - app - WARNING - Skipping entry with incomplete box info: <PartStorage 99009 - Location: , Level: , Box: >
2025-01-03 16:45:11,619 - app - WARNING - Skipping entry with incomplete box info: <PartStorage 99010 - Location: , Level: , Box: >
2025-01-03 16:45:11,619 - app - WARNING - Skipping entry with incomplete box info: <PartStorage 2856c01 - Location: , Level: , Box: >
2025-01-03 16:45:11,619 - app - WARNING - Skipping entry with incomplete box info: <PartStorage 2856c02 - Location: , Level: , Box: >
2025-01-03 16:45:11,619 - app - WARNING - Skipping entry with incomplete box info: <PartStorage 2856c03 - Location: , Level: , Box: >
2025-01-03 16:45:11,619 - app - WARNING - Skipping entry with incomplete box info: <PartStorage 41680 - Location: , Level: , Box: >
2025-01-03 16:45:11,619 - app - WARNING - Skipping entry with incomplete box info: <PartStorage 49731 - Location: , Level: , Box: >
2025-01-03 16:45:11,619 - app - WARNING - Skipping entry with incomplete box info: <PartStorage 65826 - Location: , Level: , Box: >
2025-01-03 16:45:11,620 - app - WARNING - Skipping entry with incomplete box info: <PartStorage 77765 - Location: , Level: , Box: >
2025-01-03 16:45:11,620 - app - WARNING - Skipping entry with incomplete box info: <PartStorage 80477 - Location: , Level: , Box: >
2025-01-03 16:45:26,314 - app - WARNING - Invalid or missing image URL. Using fallback image.
2025-01-03 16:45:26,321 - app - WARNING - Invalid or missing image URL. Using fallback image.
2025-01-03 16:45:34,679 - app - WARNING - Invalid or missing image URL. Using fallback image.
2025-01-03 16:45:34,686 - app - WARNING - Invalid or missing image URL. Using fallback image.
2025-01-03 16:52:57,572 - app - DEBUG - Master lookup data loaded successfully.
2025-01-03 16:53:12,856 - app - DEBUG - Fetching contents for Location: 9, Level: 3, Box: 10
2025-01-03 16:53:12,858 - app - DEBUG - Found 3 parts in the box.
2025-01-03 16:53:56,168 - app - DEBUG - Master lookup data loaded successfully.
2025-01-03 17:01:10,979 - app - DEBUG - Master lookup data loaded successfully.
2025-01-03 17:02:56,484 - app - DEBUG - Master lookup data loaded successfully.
2025-01-03 17:03:21,857 - app - WARNING - Skipping entry with incomplete box info: <PartStorage 30374pr0001 - Location: , Level: , Box: >
2025-01-03 17:03:21,858 - app - WARNING - Skipping entry with incomplete box info: <PartStorage 200 - Location: , Level: , Box: >
2025-01-03 17:03:21,858 - app - WARNING - Skipping entry with incomplete box info: <PartStorage 202 - Location: , Level: , Box: >
2025-01-03 17:03:21,858 - app - WARNING - Skipping entry with incomplete box info: <PartStorage 570 - Location: , Level: , Box: >
2025-01-03 17:03:21,858 - app - WARNING - Skipping entry with incomplete box info: <PartStorage 572 - Location: , Level: , Box: >
2025-01-03 17:03:21,858 - app - WARNING - Skipping entry with incomplete box info: <PartStorage 741 - Location: , Level: , Box: >
2025-01-03 17:03:21,859 - app - WARNING - Skipping entry with incomplete box info: <PartStorage 742 - Location: , Level: , Box: >
2025-01-03 17:03:21,859 - app - WARNING - Skipping entry with incomplete box info: <PartStorage 743 - Location: , Level: , Box: >
2025-01-03 17:03:21,859 - app - WARNING - Skipping entry with incomplete box info: <PartStorage 744 - Location: , Level: , Box: >
2025-01-03 17:03:21,859 - app - WARNING - Skipping entry with incomplete box info: <PartStorage 2428 - Location: , Level: , Box: >
2025-01-03 17:03:21,859 - app - WARNING - Skipping entry with incomplete box info: <PartStorage 2471 - Location: , Level: , Box: >
2025-01-03 17:03:21,859 - app - WARNING - Skipping entry with incomplete box info: <PartStorage 2473 - Location: , Level: , Box: >
2025-01-03 17:03:21,859 - app - WARNING - Skipping entry with incomplete box info: <PartStorage 2474 - Location: , Level: , Box: >
2025-01-03 17:03:21,859 - app - WARNING - Skipping entry with incomplete box info: <PartStorage 2855 - Location: , Level: , Box: >
2025-01-03 17:03:21,859 - app - WARNING - Skipping entry with incomplete box info: <PartStorage 2856 - Location: , Level: , Box: >
2025-01-03 17:03:21,860 - app - WARNING - Skipping entry with incomplete box info: <PartStorage 3584 - Location: , Level: , Box: >
2025-01-03 17:03:21,860 - app - WARNING - Skipping entry with incomplete box info: <PartStorage 3590 - Location: , Level: , Box: >
2025-01-03 17:03:21,860 - app - WARNING - Skipping entry with incomplete box info: <PartStorage 4158 - Location: , Level: , Box: >
2025-01-03 17:03:21,860 - app - WARNING - Skipping entry with incomplete box info: <PartStorage 4159 - Location: , Level: , Box: >
2025-01-03 17:03:21,860 - app - WARNING - Skipping entry with incomplete box info: <PartStorage 5405 - Location: , Level: , Box: >
2025-01-03 17:03:21,860 - app - WARNING - Skipping entry with incomplete box info: <PartStorage 6574 - Location: , Level: , Box: >
2025-01-03 17:03:21,860 - app - WARNING - Skipping entry with incomplete box info: <PartStorage 6592 - Location: , Level: , Box: >
2025-01-03 17:03:21,860 - app - WARNING - Skipping entry with incomplete box info: <PartStorage 15457 - Location: , Level: , Box: >
2025-01-03 17:03:21,860 - app - WARNING - Skipping entry with incomplete box info: <PartStorage 18938 - Location: , Level: , Box: >
2025-01-03 17:03:21,860 - app - WARNING - Skipping entry with incomplete box info: <PartStorage 18939 - Location: , Level: , Box: >
2025-01-03 17:03:21,860 - app - WARNING - Skipping entry with incomplete box info: <PartStorage 18940 - Location: , Level: , Box: >
2025-01-03 17:03:21,860 - app - WARNING - Skipping entry with incomplete box info: <PartStorage 18942 - Location: , Level: , Box: >
2025-01-03 17:03:21,860 - app - WARNING - Skipping entry with incomplete box info: <PartStorage 24121 - Location: , Level: , Box: >
2025-01-03 17:03:21,860 - app - WARNING - Skipping entry with incomplete box info: <PartStorage 32060 - Location: , Level: , Box: >
2025-01-03 17:03:21,861 - app - WARNING - Skipping entry with incomplete box info: <PartStorage 32132 - Location: , Level: , Box: >
2025-01-03 17:03:21,861 - app - WARNING - Skipping entry with incomplete box info: <PartStorage 32170 - Location: , Level: , Box: >
2025-01-03 17:03:21,861 - app - WARNING - Skipping entry with incomplete box info: <PartStorage 32185 - Location: , Level: , Box: >
2025-01-03 17:03:21,861 - app - WARNING - Skipping entry with incomplete box info: <PartStorage 32311 - Location: , Level: , Box: >
2025-01-03 17:03:21,861 - app - WARNING - Skipping entry with incomplete box info: <PartStorage 32498 - Location: , Level: , Box: >
2025-01-03 17:03:21,861 - app - WARNING - Skipping entry with incomplete box info: <PartStorage 32905 - Location: , Level: , Box: >
2025-01-03 17:03:21,861 - app - WARNING - Skipping entry with incomplete box info: <PartStorage 41666 - Location: , Level: , Box: >
2025-01-03 17:03:21,861 - app - WARNING - Skipping entry with incomplete box info: <PartStorage 41667 - Location: , Level: , Box: >
2025-01-03 17:03:21,861 - app - WARNING - Skipping entry with incomplete box info: <PartStorage 42529 - Location: , Level: , Box: >
2025-01-03 17:03:21,861 - app - WARNING - Skipping entry with incomplete box info: <PartStorage 44556 - Location: , Level: , Box: >
2025-01-03 17:03:21,861 - app - WARNING - Skipping entry with incomplete box info: <PartStorage 46372 - Location: , Level: , Box: >
2025-01-03 17:03:21,861 - app - WARNING - Skipping entry with incomplete box info: <PartStorage 48168 - Location: , Level: , Box: >
2025-01-03 17:03:21,861 - app - WARNING - Skipping entry with incomplete box info: <PartStorage 48452 - Location: , Level: , Box: >
2025-01-03 17:03:21,862 - app - WARNING - Skipping entry with incomplete box info: <PartStorage 50163 - Location: , Level: , Box: >
2025-01-03 17:03:21,862 - app - WARNING - Skipping entry with incomplete box info: <PartStorage 57519 - Location: , Level: , Box: >
2025-01-03 17:03:21,862 - app - WARNING - Skipping entry with incomplete box info: <PartStorage 64781 - Location: , Level: , Box: >
2025-01-03 17:03:21,862 - app - WARNING - Skipping entry with incomplete box info: <PartStorage 65413 - Location: , Level: , Box: >
2025-01-03 17:03:21,862 - app - WARNING - Skipping entry with incomplete box info: <PartStorage 65414 - Location: , Level: , Box: >
2025-01-03 17:03:21,862 - app - WARNING - Skipping entry with incomplete box info: <PartStorage 69761 - Location: , Level: , Box: >
2025-01-03 17:03:21,862 - app - WARNING - Skipping entry with incomplete box info: <PartStorage 69762 - Location: , Level: , Box: >
2025-01-03 17:03:21,862 - app - WARNING - Skipping entry with incomplete box info: <PartStorage 69778 - Location: , Level: , Box: >
2025-01-03 17:03:21,862 - app - WARNING - Skipping entry with incomplete box info: <PartStorage 69779 - Location: , Level: , Box: >
2025-01-03 17:03:21,862 - app - WARNING - Skipping entry with incomplete box info: <PartStorage 73071 - Location: , Level: , Box: >
2025-01-03 17:03:21,862 - app - WARNING - Skipping entry with incomplete box info: <PartStorage 73763 - Location: , Level: , Box: >
2025-01-03 17:03:21,862 - app - WARNING - Skipping entry with incomplete box info: <PartStorage 78442 - Location: , Level: , Box: >
2025-01-03 17:03:21,863 - app - WARNING - Skipping entry with incomplete box info: <PartStorage 81346 - Location: , Level: , Box: >
2025-01-03 17:03:21,863 - app - WARNING - Skipping entry with incomplete box info: <PartStorage 88738 - Location: , Level: , Box: >
2025-01-03 17:03:21,863 - app - WARNING - Skipping entry with incomplete box info: <PartStorage 99009 - Location: , Level: , Box: >
2025-01-03 17:03:21,863 - app - WARNING - Skipping entry with incomplete box info: <PartStorage 99010 - Location: , Level: , Box: >
2025-01-03 17:03:21,863 - app - WARNING - Skipping entry with incomplete box info: <PartStorage 2856c01 - Location: , Level: , Box: >
2025-01-03 17:03:21,863 - app - WARNING - Skipping entry with incomplete box info: <PartStorage 2856c02 - Location: , Level: , Box: >
2025-01-03 17:03:21,863 - app - WARNING - Skipping entry with incomplete box info: <PartStorage 2856c03 - Location: , Level: , Box: >
2025-01-03 17:03:21,863 - app - WARNING - Skipping entry with incomplete box info: <PartStorage 41680 - Location: , Level: , Box: >
2025-01-03 17:03:21,863 - app - WARNING - Skipping entry with incomplete box info: <PartStorage 49731 - Location: , Level: , Box: >
2025-01-03 17:03:21,863 - app - WARNING - Skipping entry with incomplete box info: <PartStorage 65826 - Location: , Level: , Box: >
2025-01-03 17:03:21,863 - app - WARNING - Skipping entry with incomplete box info: <PartStorage 77765 - Location: , Level: , Box: >
2025-01-03 17:03:21,864 - app - WARNING - Skipping entry with incomplete box info: <PartStorage 80477 - Location: , Level: , Box: >
2025-01-03 17:03:38,901 - app - WARNING - Invalid or missing image URL. Using fallback image.
2025-01-03 17:03:38,912 - app - WARNING - Invalid or missing image URL. Using fallback image.
2025-01-03 17:03:48,676 - app - WARNING - Invalid or missing image URL. Using fallback image.
2025-01-03 17:03:48,682 - app - WARNING - Invalid or missing image URL. Using fallback image.
2025-01-03 17:29:03,808 - app - DEBUG - Master lookup data loaded successfully.
2025-01-03 17:29:06,667 - app - WARNING - Skipping entry with incomplete box info: <PartStorage 30374pr0001 - Location: , Level: , Box: >
2025-01-03 17:29:06,668 - app - WARNING - Skipping entry with incomplete box info: <PartStorage 200 - Location: , Level: , Box: >
2025-01-03 17:29:06,668 - app - WARNING - Skipping entry with incomplete box info: <PartStorage 202 - Location: , Level: , Box: >
2025-01-03 17:29:06,668 - app - WARNING - Skipping entry with incomplete box info: <PartStorage 570 - Location: , Level: , Box: >
2025-01-03 17:29:06,668 - app - WARNING - Skipping entry with incomplete box info: <PartStorage 572 - Location: , Level: , Box: >
2025-01-03 17:29:06,668 - app - WARNING - Skipping entry with incomplete box info: <PartStorage 741 - Location: , Level: , Box: >
2025-01-03 17:29:06,668 - app - WARNING - Skipping entry with incomplete box info: <PartStorage 742 - Location: , Level: , Box: >
2025-01-03 17:29:06,668 - app - WARNING - Skipping entry with incomplete box info: <PartStorage 743 - Location: , Level: , Box: >
2025-01-03 17:29:06,669 - app - WARNING - Skipping entry with incomplete box info: <PartStorage 744 - Location: , Level: , Box: >
2025-01-03 17:29:06,669 - app - WARNING - Skipping entry with incomplete box info: <PartStorage 2428 - Location: , Level: , Box: >
2025-01-03 17:29:06,669 - app - WARNING - Skipping entry with incomplete box info: <PartStorage 2471 - Location: , Level: , Box: >
2025-01-03 17:29:06,669 - app - WARNING - Skipping entry with incomplete box info: <PartStorage 2473 - Location: , Level: , Box: >
2025-01-03 17:29:06,669 - app - WARNING - Skipping entry with incomplete box info: <PartStorage 2474 - Location: , Level: , Box: >
2025-01-03 17:29:06,669 - app - WARNING - Skipping entry with incomplete box info: <PartStorage 2855 - Location: , Level: , Box: >
2025-01-03 17:29:06,669 - app - WARNING - Skipping entry with incomplete box info: <PartStorage 2856 - Location: , Level: , Box: >
2025-01-03 17:29:06,669 - app - WARNING - Skipping entry with incomplete box info: <PartStorage 3584 - Location: , Level: , Box: >
2025-01-03 17:29:06,669 - app - WARNING - Skipping entry with incomplete box info: <PartStorage 3590 - Location: , Level: , Box: >
2025-01-03 17:29:06,669 - app - WARNING - Skipping entry with incomplete box info: <PartStorage 4158 - Location: , Level: , Box: >
2025-01-03 17:29:06,669 - app - WARNING - Skipping entry with incomplete box info: <PartStorage 4159 - Location: , Level: , Box: >
2025-01-03 17:29:06,669 - app - WARNING - Skipping entry with incomplete box info: <PartStorage 5405 - Location: , Level: , Box: >
2025-01-03 17:29:06,669 - app - WARNING - Skipping entry with incomplete box info: <PartStorage 6574 - Location: , Level: , Box: >
2025-01-03 17:29:06,669 - app - WARNING - Skipping entry with incomplete box info: <PartStorage 6592 - Location: , Level: , Box: >
2025-01-03 17:29:06,670 - app - WARNING - Skipping entry with incomplete box info: <PartStorage 15457 - Location: , Level: , Box: >
2025-01-03 17:29:06,670 - app - WARNING - Skipping entry with incomplete box info: <PartStorage 18938 - Location: , Level: , Box: >
2025-01-03 17:29:06,670 - app - WARNING - Skipping entry with incomplete box info: <PartStorage 18939 - Location: , Level: , Box: >
2025-01-03 17:29:06,670 - app - WARNING - Skipping entry with incomplete box info: <PartStorage 18940 - Location: , Level: , Box: >
2025-01-03 17:29:06,670 - app - WARNING - Skipping entry with incomplete box info: <PartStorage 18942 - Location: , Level: , Box: >
2025-01-03 17:29:06,670 - app - WARNING - Skipping entry with incomplete box info: <PartStorage 24121 - Location: , Level: , Box: >
2025-01-03 17:29:06,670 - app - WARNING - Skipping entry with incomplete box info: <PartStorage 32060 - Location: , Level: , Box: >
2025-01-03 17:29:06,670 - app - WARNING - Skipping entry with incomplete box info: <PartStorage 32132 - Location: , Level: , Box: >
2025-01-03 17:29:06,670 - app - WARNING - Skipping entry with incomplete box info: <PartStorage 32170 - Location: , Level: , Box: >
2025-01-03 17:29:06,670 - app - WARNING - Skipping entry with incomplete box info: <PartStorage 32185 - Location: , Level: , Box: >
2025-01-03 17:29:06,670 - app - WARNING - Skipping entry with incomplete box info: <PartStorage 32311 - Location: , Level: , Box: >
2025-01-03 17:29:06,671 - app - WARNING - Skipping entry with incomplete box info: <PartStorage 32498 - Location: , Level: , Box: >
2025-01-03 17:29:06,671 - app - WARNING - Skipping entry with incomplete box info: <PartStorage 32905 - Location: , Level: , Box: >
2025-01-03 17:29:06,671 - app - WARNING - Skipping entry with incomplete box info: <PartStorage 41666 - Location: , Level: , Box: >
2025-01-03 17:29:06,671 - app - WARNING - Skipping entry with incomplete box info: <PartStorage 41667 - Location: , Level: , Box: >
2025-01-03 17:29:06,671 - app - WARNING - Skipping entry with incomplete box info: <PartStorage 42529 - Location: , Level: , Box: >
2025-01-03 17:29:06,672 - app - WARNING - Skipping entry with incomplete box info: <PartStorage 44556 - Location: , Level: , Box: >
2025-01-03 17:29:06,672 - app - WARNING - Skipping entry with incomplete box info: <PartStorage 46372 - Location: , Level: , Box: >
2025-01-03 17:29:06,672 - app - WARNING - Skipping entry with incomplete box info: <PartStorage 48168 - Location: , Level: , Box: >
2025-01-03 17:29:06,672 - app - WARNING - Skipping entry with incomplete box info: <PartStorage 48452 - Location: , Level: , Box: >
2025-01-03 17:29:06,672 - app - WARNING - Skipping entry with incomplete box info: <PartStorage 50163 - Location: , Level: , Box: >
2025-01-03 17:29:06,672 - app - WARNING - Skipping entry with incomplete box info: <PartStorage 57519 - Location: , Level: , Box: >
2025-01-03 17:29:06,672 - app - WARNING - Skipping entry with incomplete box info: <PartStorage 64781 - Location: , Level: , Box: >
2025-01-03 17:29:06,672 - app - WARNING - Skipping entry with incomplete box info: <PartStorage 65413 - Location: , Level: , Box: >
2025-01-03 17:29:06,672 - app - WARNING - Skipping entry with incomplete box info: <PartStorage 65414 - Location: , Level: , Box: >
2025-01-03 17:29:06,672 - app - WARNING - Skipping entry with incomplete box info: <PartStorage 69761 - Location: , Level: , Box: >
2025-01-03 17:29:06,672 - app - WARNING - Skipping entry with incomplete box info: <PartStorage 69762 - Location: , Level: , Box: >
2025-01-03 17:29:06,673 - app - WARNING - Skipping entry with incomplete box info: <PartStorage 69778 - Location: , Level: , Box: >
2025-01-03 17:29:06,673 - app - WARNING - Skipping entry with incomplete box info: <PartStorage 69779 - Location: , Level: , Box: >
2025-01-03 17:29:06,673 - app - WARNING - Skipping entry with incomplete box info: <PartStorage 73071 - Location: , Level: , Box: >
2025-01-03 17:29:06,673 - app - WARNING - Skipping entry with incomplete box info: <PartStorage 73763 - Location: , Level: , Box: >
2025-01-03 17:29:06,673 - app - WARNING - Skipping entry with incomplete box info: <PartStorage 78442 - Location: , Level: , Box: >
2025-01-03 17:29:06,673 - app - WARNING - Skipping entry with incomplete box info: <PartStorage 81346 - Location: , Level: , Box: >
2025-01-03 17:29:06,673 - app - WARNING - Skipping entry with incomplete box info: <PartStorage 88738 - Location: , Level: , Box: >
2025-01-03 17:29:06,673 - app - WARNING - Skipping entry with incomplete box info: <PartStorage 99009 - Location: , Level: , Box: >
2025-01-03 17:29:06,673 - app - WARNING - Skipping entry with incomplete box info: <PartStorage 99010 - Location: , Level: , Box: >
2025-01-03 17:29:06,673 - app - WARNING - Skipping entry with incomplete box info: <PartStorage 2856c01 - Location: , Level: , Box: >
2025-01-03 17:29:06,673 - app - WARNING - Skipping entry with incomplete box info: <PartStorage 2856c02 - Location: , Level: , Box: >
2025-01-03 17:29:06,674 - app - WARNING - Skipping entry with incomplete box info: <PartStorage 2856c03 - Location: , Level: , Box: >
2025-01-03 17:29:06,674 - app - WARNING - Skipping entry with incomplete box info: <PartStorage 41680 - Location: , Level: , Box: >
2025-01-03 17:29:06,674 - app - WARNING - Skipping entry with incomplete box info: <PartStorage 49731 - Location: , Level: , Box: >
2025-01-03 17:29:06,674 - app - WARNING - Skipping entry with incomplete box info: <PartStorage 65826 - Location: , Level: , Box: >
2025-01-03 17:29:06,674 - app - WARNING - Skipping entry with incomplete box info: <PartStorage 77765 - Location: , Level: , Box: >
2025-01-03 17:29:06,674 - app - WARNING - Skipping entry with incomplete box info: <PartStorage 80477 - Location: , Level: , Box: >
2025-01-03 17:29:24,102 - app - WARNING - Invalid or missing image URL. Using fallback image.
2025-01-03 17:29:24,111 - app - WARNING - Invalid or missing image URL. Using fallback image.
2025-01-03 17:29:33,939 - app - WARNING - Invalid or missing image URL. Using fallback image.
2025-01-03 17:29:33,946 - app - WARNING - Invalid or missing image URL. Using fallback image.
2025-01-04 15:09:37,014 - app - DEBUG - Master lookup data loaded successfully.
2025-01-04 15:09:37,903 - app - DEBUG - Master lookup data loaded successfully.
2025-01-04 16:09:37,061 - app - INFO - Database backed up to C:\Users\Holge\OneDrive\python\Lego_Manager\lego_scanner\instance/lego_scanner.db.20250104_160937.backup.db
2025-01-04 16:09:37,924 - app - INFO - Database backed up to C:\Users\Holge\OneDrive\python\Lego_Manager\lego_scanner\instance/lego_scanner.db.20250104_160937.backup.db
2025-01-04 16:10:41,983 - app - DEBUG - Master lookup data loaded successfully.
