2025-01-02 20:21:27,553 - app - DEBUG - Master lookup data loaded successfully.
2025-01-02 20:21:57,951 - app - DEBUG - Fetching contents for Location: 1, Level: 2, Box: 100
2025-01-02 20:21:57,951 - app - ERROR - Error fetching box contents: type object 'PartStorage' has no attribute 'part_num'
2025-01-02 20:26:46,043 - app - DEBUG - Master lookup data loaded successfully.
2025-01-02 20:27:13,306 - app - ERROR - Failed to load master lookup data: (sqlite3.OperationalError) no such column: part_storage.part_num
[SQL: SELECT part_storage.id AS part_storage_id, part_storage.part_num AS part_storage_part_num, part_storage.location AS part_storage_location, part_storage.level AS part_storage_level, part_storage.box AS part_storage_box, categories_1.id AS categories_1_id, categories_1.name AS categories_1_name, categories_1.last_updated AS categories_1_last_updated, part_info_1.part_num AS part_info_1_part_num, part_info_1.name AS part_info_1_name, part_info_1.category_id AS part_info_1_category_id, part_info_1.part_img_url AS part_info_1_part_img_url, part_info_1.part_url AS part_info_1_part_url 
FROM part_storage LEFT OUTER JOIN part_info AS part_info_1 ON part_info_1.part_num = part_storage.part_num LEFT OUTER JOIN categories AS categories_1 ON categories_1.id = part_info_1.category_id]
(Background on this error at: https://sqlalche.me/e/20/e3q8)
2025-01-02 20:27:23,360 - app - ERROR - Failed to load master lookup data: (sqlite3.OperationalError) no such column: part_storage.part_num
[SQL: SELECT part_storage.id AS part_storage_id, part_storage.part_num AS part_storage_part_num, part_storage.location AS part_storage_location, part_storage.level AS part_storage_level, part_storage.box AS part_storage_box, categories_1.id AS categories_1_id, categories_1.name AS categories_1_name, categories_1.last_updated AS categories_1_last_updated, part_info_1.part_num AS part_info_1_part_num, part_info_1.name AS part_info_1_name, part_info_1.category_id AS part_info_1_category_id, part_info_1.part_img_url AS part_info_1_part_img_url, part_info_1.part_url AS part_info_1_part_url 
FROM part_storage LEFT OUTER JOIN part_info AS part_info_1 ON part_info_1.part_num = part_storage.part_num LEFT OUTER JOIN categories AS categories_1 ON categories_1.id = part_info_1.category_id]
(Background on this error at: https://sqlalche.me/e/20/e3q8)
2025-01-02 20:27:39,433 - app - ERROR - Failed to load master lookup data: (sqlite3.OperationalError) no such column: part_storage.part_num
[SQL: SELECT part_storage.id AS part_storage_id, part_storage.part_num AS part_storage_part_num, part_storage.location AS part_storage_location, part_storage.level AS part_storage_level, part_storage.box AS part_storage_box, categories_1.id AS categories_1_id, categories_1.name AS categories_1_name, categories_1.last_updated AS categories_1_last_updated, part_info_1.part_num AS part_info_1_part_num, part_info_1.name AS part_info_1_name, part_info_1.category_id AS part_info_1_category_id, part_info_1.part_img_url AS part_info_1_part_img_url, part_info_1.part_url AS part_info_1_part_url 
FROM part_storage LEFT OUTER JOIN part_info AS part_info_1 ON part_info_1.part_num = part_storage.part_num LEFT OUTER JOIN categories AS categories_1 ON categories_1.id = part_info_1.category_id]
(Background on this error at: https://sqlalche.me/e/20/e3q8)
2025-01-02 20:28:21,121 - app - ERROR - Failed to load master lookup data: (sqlite3.OperationalError) no such column: part_storage.part_num
[SQL: SELECT part_storage.id AS part_storage_id, part_storage.part_num AS part_storage_part_num, part_storage.location AS part_storage_location, part_storage.level AS part_storage_level, part_storage.box AS part_storage_box, categories_1.id AS categories_1_id, categories_1.name AS categories_1_name, categories_1.last_updated AS categories_1_last_updated, part_info_1.part_num AS part_info_1_part_num, part_info_1.name AS part_info_1_name, part_info_1.category_id AS part_info_1_category_id, part_info_1.part_img_url AS part_info_1_part_img_url, part_info_1.part_url AS part_info_1_part_url 
FROM part_storage LEFT OUTER JOIN part_info AS part_info_1 ON part_info_1.part_num = part_storage.part_num LEFT OUTER JOIN categories AS categories_1 ON categories_1.id = part_info_1.category_id]
(Background on this error at: https://sqlalche.me/e/20/e3q8)
2025-01-02 20:28:30,192 - app - ERROR - Failed to load master lookup data: (sqlite3.OperationalError) no such column: part_storage.part_num
[SQL: SELECT part_storage.id AS part_storage_id, part_storage.part_num AS part_storage_part_num, part_storage.location AS part_storage_location, part_storage.level AS part_storage_level, part_storage.box AS part_storage_box, categories_1.id AS categories_1_id, categories_1.name AS categories_1_name, categories_1.last_updated AS categories_1_last_updated, part_info_1.part_num AS part_info_1_part_num, part_info_1.name AS part_info_1_name, part_info_1.category_id AS part_info_1_category_id, part_info_1.part_img_url AS part_info_1_part_img_url, part_info_1.part_url AS part_info_1_part_url 
FROM part_storage LEFT OUTER JOIN part_info AS part_info_1 ON part_info_1.part_num = part_storage.part_num LEFT OUTER JOIN categories AS categories_1 ON categories_1.id = part_info_1.category_id]
(Background on this error at: https://sqlalche.me/e/20/e3q8)
2025-01-02 20:28:35,091 - app - ERROR - Failed to load master lookup data: (sqlite3.OperationalError) no such column: part_storage.part_num
[SQL: SELECT part_storage.id AS part_storage_id, part_storage.part_num AS part_storage_part_num, part_storage.location AS part_storage_location, part_storage.level AS part_storage_level, part_storage.box AS part_storage_box, categories_1.id AS categories_1_id, categories_1.name AS categories_1_name, categories_1.last_updated AS categories_1_last_updated, part_info_1.part_num AS part_info_1_part_num, part_info_1.name AS part_info_1_name, part_info_1.category_id AS part_info_1_category_id, part_info_1.part_img_url AS part_info_1_part_img_url, part_info_1.part_url AS part_info_1_part_url 
FROM part_storage LEFT OUTER JOIN part_info AS part_info_1 ON part_info_1.part_num = part_storage.part_num LEFT OUTER JOIN categories AS categories_1 ON categories_1.id = part_info_1.category_id]
(Background on this error at: https://sqlalche.me/e/20/e3q8)
2025-01-02 20:28:40,731 - app - ERROR - Failed to load master lookup data: (sqlite3.OperationalError) no such column: part_storage.part_num
[SQL: SELECT part_storage.id AS part_storage_id, part_storage.part_num AS part_storage_part_num, part_storage.location AS part_storage_location, part_storage.level AS part_storage_level, part_storage.box AS part_storage_box, categories_1.id AS categories_1_id, categories_1.name AS categories_1_name, categories_1.last_updated AS categories_1_last_updated, part_info_1.part_num AS part_info_1_part_num, part_info_1.name AS part_info_1_name, part_info_1.category_id AS part_info_1_category_id, part_info_1.part_img_url AS part_info_1_part_img_url, part_info_1.part_url AS part_info_1_part_url 
FROM part_storage LEFT OUTER JOIN part_info AS part_info_1 ON part_info_1.part_num = part_storage.part_num LEFT OUTER JOIN categories AS categories_1 ON categories_1.id = part_info_1.category_id]
(Background on this error at: https://sqlalche.me/e/20/e3q8)
2025-01-02 20:28:47,157 - app - ERROR - Failed to load master lookup data: (sqlite3.OperationalError) no such column: part_storage.part_num
[SQL: SELECT part_storage.id AS part_storage_id, part_storage.part_num AS part_storage_part_num, part_storage.location AS part_storage_location, part_storage.level AS part_storage_level, part_storage.box AS part_storage_box, categories_1.id AS categories_1_id, categories_1.name AS categories_1_name, categories_1.last_updated AS categories_1_last_updated, part_info_1.part_num AS part_info_1_part_num, part_info_1.name AS part_info_1_name, part_info_1.category_id AS part_info_1_category_id, part_info_1.part_img_url AS part_info_1_part_img_url, part_info_1.part_url AS part_info_1_part_url 
FROM part_storage LEFT OUTER JOIN part_info AS part_info_1 ON part_info_1.part_num = part_storage.part_num LEFT OUTER JOIN categories AS categories_1 ON categories_1.id = part_info_1.category_id]
(Background on this error at: https://sqlalche.me/e/20/e3q8)
2025-01-02 20:29:17,073 - app - ERROR - Failed to load master lookup data: (sqlite3.OperationalError) no such column: part_storage.part_num
[SQL: SELECT part_storage.id AS part_storage_id, part_storage.part_num AS part_storage_part_num, part_storage.location AS part_storage_location, part_storage.level AS part_storage_level, part_storage.box AS part_storage_box, categories_1.id AS categories_1_id, categories_1.name AS categories_1_name, categories_1.last_updated AS categories_1_last_updated, part_info_1.part_num AS part_info_1_part_num, part_info_1.name AS part_info_1_name, part_info_1.category_id AS part_info_1_category_id, part_info_1.part_img_url AS part_info_1_part_img_url, part_info_1.part_url AS part_info_1_part_url 
FROM part_storage LEFT OUTER JOIN part_info AS part_info_1 ON part_info_1.part_num = part_storage.part_num LEFT OUTER JOIN categories AS categories_1 ON categories_1.id = part_info_1.category_id]
(Background on this error at: https://sqlalche.me/e/20/e3q8)
2025-01-02 20:29:33,486 - app - ERROR - Failed to load master lookup data: (sqlite3.OperationalError) no such column: part_storage.part_num
[SQL: SELECT part_storage.id AS part_storage_id, part_storage.part_num AS part_storage_part_num, part_storage.location AS part_storage_location, part_storage.level AS part_storage_level, part_storage.box AS part_storage_box, categories_1.id AS categories_1_id, categories_1.name AS categories_1_name, categories_1.last_updated AS categories_1_last_updated, part_info_1.part_num AS part_info_1_part_num, part_info_1.name AS part_info_1_name, part_info_1.category_id AS part_info_1_category_id, part_info_1.part_img_url AS part_info_1_part_img_url, part_info_1.part_url AS part_info_1_part_url 
FROM part_storage LEFT OUTER JOIN part_info AS part_info_1 ON part_info_1.part_num = part_storage.part_num LEFT OUTER JOIN categories AS categories_1 ON categories_1.id = part_info_1.category_id]
(Background on this error at: https://sqlalche.me/e/20/e3q8)
2025-01-02 20:30:44,570 - app - ERROR - Failed to load master lookup data: (sqlite3.OperationalError) no such column: part_storage.part_num
[SQL: SELECT part_storage.id AS part_storage_id, part_storage.part_num AS part_storage_part_num, part_storage.location AS part_storage_location, part_storage.level AS part_storage_level, part_storage.box AS part_storage_box, categories_1.id AS categories_1_id, categories_1.name AS categories_1_name, categories_1.last_updated AS categories_1_last_updated, part_info_1.part_num AS part_info_1_part_num, part_info_1.name AS part_info_1_name, part_info_1.category_id AS part_info_1_category_id, part_info_1.part_img_url AS part_info_1_part_img_url, part_info_1.part_url AS part_info_1_part_url 
FROM part_storage LEFT OUTER JOIN part_info AS part_info_1 ON part_info_1.part_num = part_storage.part_num LEFT OUTER JOIN categories AS categories_1 ON categories_1.id = part_info_1.category_id]
(Background on this error at: https://sqlalche.me/e/20/e3q8)
2025-01-02 20:31:06,999 - app - ERROR - Failed to load master lookup data: (sqlite3.OperationalError) no such column: part_storage.part_num
[SQL: SELECT part_storage.id AS part_storage_id, part_storage.part_num AS part_storage_part_num, part_storage.location AS part_storage_location, part_storage.level AS part_storage_level, part_storage.box AS part_storage_box, categories_1.id AS categories_1_id, categories_1.name AS categories_1_name, categories_1.last_updated AS categories_1_last_updated, part_info_1.part_num AS part_info_1_part_num, part_info_1.name AS part_info_1_name, part_info_1.category_id AS part_info_1_category_id, part_info_1.part_img_url AS part_info_1_part_img_url, part_info_1.part_url AS part_info_1_part_url 
FROM part_storage LEFT OUTER JOIN part_info AS part_info_1 ON part_info_1.part_num = part_storage.part_num LEFT OUTER JOIN categories AS categories_1 ON categories_1.id = part_info_1.category_id]
(Background on this error at: https://sqlalche.me/e/20/e3q8)
2025-01-02 20:32:14,558 - app - ERROR - Failed to load master lookup data: (sqlite3.OperationalError) no such column: part_storage.part_num
[SQL: SELECT part_storage.id AS part_storage_id, part_storage.part_num AS part_storage_part_num, part_storage.location AS part_storage_location, part_storage.level AS part_storage_level, part_storage.box AS part_storage_box, categories_1.id AS categories_1_id, categories_1.name AS categories_1_name, categories_1.last_updated AS categories_1_last_updated, part_info_1.part_num AS part_info_1_part_num, part_info_1.name AS part_info_1_name, part_info_1.category_id AS part_info_1_category_id, part_info_1.part_img_url AS part_info_1_part_img_url, part_info_1.part_url AS part_info_1_part_url 
FROM part_storage LEFT OUTER JOIN part_info AS part_info_1 ON part_info_1.part_num = part_storage.part_num LEFT OUTER JOIN categories AS categories_1 ON categories_1.id = part_info_1.category_id]
(Background on this error at: https://sqlalche.me/e/20/e3q8)
2025-01-02 20:32:28,803 - app - ERROR - Failed to load master lookup data: (sqlite3.OperationalError) no such column: part_storage.part_num
[SQL: SELECT part_storage.id AS part_storage_id, part_storage.part_num AS part_storage_part_num, part_storage.location AS part_storage_location, part_storage.level AS part_storage_level, part_storage.box AS part_storage_box, categories_1.id AS categories_1_id, categories_1.name AS categories_1_name, categories_1.last_updated AS categories_1_last_updated, part_info_1.part_num AS part_info_1_part_num, part_info_1.name AS part_info_1_name, part_info_1.category_id AS part_info_1_category_id, part_info_1.part_img_url AS part_info_1_part_img_url, part_info_1.part_url AS part_info_1_part_url 
FROM part_storage LEFT OUTER JOIN part_info AS part_info_1 ON part_info_1.part_num = part_storage.part_num LEFT OUTER JOIN categories AS categories_1 ON categories_1.id = part_info_1.category_id]
(Background on this error at: https://sqlalche.me/e/20/e3q8)
2025-01-02 20:34:51,593 - app - ERROR - Failed to load master lookup data: (sqlite3.OperationalError) no such column: part_storage.part_num
[SQL: SELECT part_storage.id AS part_storage_id, part_storage.part_num AS part_storage_part_num, part_storage.location AS part_storage_location, part_storage.level AS part_storage_level, part_storage.box AS part_storage_box, categories_1.id AS categories_1_id, categories_1.name AS categories_1_name, categories_1.last_updated AS categories_1_last_updated, part_info_1.part_num AS part_info_1_part_num, part_info_1.name AS part_info_1_name, part_info_1.category_id AS part_info_1_category_id, part_info_1.part_img_url AS part_info_1_part_img_url, part_info_1.part_url AS part_info_1_part_url 
FROM part_storage LEFT OUTER JOIN part_info AS part_info_1 ON part_info_1.part_num = part_storage.part_num LEFT OUTER JOIN categories AS categories_1 ON categories_1.id = part_info_1.category_id]
(Background on this error at: https://sqlalche.me/e/20/e3q8)
2025-01-02 20:36:36,991 - app - ERROR - Failed to load master lookup data: (sqlite3.OperationalError) no such column: part_storage.part_num
[SQL: SELECT part_storage.id AS part_storage_id, part_storage.part_num AS part_storage_part_num, part_storage.location AS part_storage_location, part_storage.level AS part_storage_level, part_storage.box AS part_storage_box, categories_1.id AS categories_1_id, categories_1.name AS categories_1_name, categories_1.last_updated AS categories_1_last_updated, part_info_1.part_num AS part_info_1_part_num, part_info_1.name AS part_info_1_name, part_info_1.category_id AS part_info_1_category_id, part_info_1.part_img_url AS part_info_1_part_img_url, part_info_1.part_url AS part_info_1_part_url 
FROM part_storage LEFT OUTER JOIN part_info AS part_info_1 ON part_info_1.part_num = part_storage.part_num LEFT OUTER JOIN categories AS categories_1 ON categories_1.id = part_info_1.category_id]
(Background on this error at: https://sqlalche.me/e/20/e3q8)
2025-01-02 20:36:40,432 - app - ERROR - Failed to load master lookup data: (sqlite3.OperationalError) no such column: part_storage.part_num
[SQL: SELECT part_storage.id AS part_storage_id, part_storage.part_num AS part_storage_part_num, part_storage.location AS part_storage_location, part_storage.level AS part_storage_level, part_storage.box AS part_storage_box, categories_1.id AS categories_1_id, categories_1.name AS categories_1_name, categories_1.last_updated AS categories_1_last_updated, part_info_1.part_num AS part_info_1_part_num, part_info_1.name AS part_info_1_name, part_info_1.category_id AS part_info_1_category_id, part_info_1.part_img_url AS part_info_1_part_img_url, part_info_1.part_url AS part_info_1_part_url 
FROM part_storage LEFT OUTER JOIN part_info AS part_info_1 ON part_info_1.part_num = part_storage.part_num LEFT OUTER JOIN categories AS categories_1 ON categories_1.id = part_info_1.category_id]
(Background on this error at: https://sqlalche.me/e/20/e3q8)
2025-01-02 20:36:41,772 - app - ERROR - Failed to load master lookup data: (sqlite3.OperationalError) no such column: part_storage.part_num
[SQL: SELECT part_storage.id AS part_storage_id, part_storage.part_num AS part_storage_part_num, part_storage.location AS part_storage_location, part_storage.level AS part_storage_level, part_storage.box AS part_storage_box, categories_1.id AS categories_1_id, categories_1.name AS categories_1_name, categories_1.last_updated AS categories_1_last_updated, part_info_1.part_num AS part_info_1_part_num, part_info_1.name AS part_info_1_name, part_info_1.category_id AS part_info_1_category_id, part_info_1.part_img_url AS part_info_1_part_img_url, part_info_1.part_url AS part_info_1_part_url 
FROM part_storage LEFT OUTER JOIN part_info AS part_info_1 ON part_info_1.part_num = part_storage.part_num LEFT OUTER JOIN categories AS categories_1 ON categories_1.id = part_info_1.category_id]
(Background on this error at: https://sqlalche.me/e/20/e3q8)
2025-01-02 20:36:46,856 - app - ERROR - Failed to load master lookup data: (sqlite3.OperationalError) no such column: part_storage.part_num
[SQL: SELECT part_storage.id AS part_storage_id, part_storage.part_num AS part_storage_part_num, part_storage.location AS part_storage_location, part_storage.level AS part_storage_level, part_storage.box AS part_storage_box, categories_1.id AS categories_1_id, categories_1.name AS categories_1_name, categories_1.last_updated AS categories_1_last_updated, part_info_1.part_num AS part_info_1_part_num, part_info_1.name AS part_info_1_name, part_info_1.category_id AS part_info_1_category_id, part_info_1.part_img_url AS part_info_1_part_img_url, part_info_1.part_url AS part_info_1_part_url 
FROM part_storage LEFT OUTER JOIN part_info AS part_info_1 ON part_info_1.part_num = part_storage.part_num LEFT OUTER JOIN categories AS categories_1 ON categories_1.id = part_info_1.category_id]
(Background on this error at: https://sqlalche.me/e/20/e3q8)
2025-01-02 20:36:50,574 - app - ERROR - Failed to load master lookup data: (sqlite3.OperationalError) no such column: part_storage.part_num
[SQL: SELECT part_storage.id AS part_storage_id, part_storage.part_num AS part_storage_part_num, part_storage.location AS part_storage_location, part_storage.level AS part_storage_level, part_storage.box AS part_storage_box, categories_1.id AS categories_1_id, categories_1.name AS categories_1_name, categories_1.last_updated AS categories_1_last_updated, part_info_1.part_num AS part_info_1_part_num, part_info_1.name AS part_info_1_name, part_info_1.category_id AS part_info_1_category_id, part_info_1.part_img_url AS part_info_1_part_img_url, part_info_1.part_url AS part_info_1_part_url 
FROM part_storage LEFT OUTER JOIN part_info AS part_info_1 ON part_info_1.part_num = part_storage.part_num LEFT OUTER JOIN categories AS categories_1 ON categories_1.id = part_info_1.category_id]
(Background on this error at: https://sqlalche.me/e/20/e3q8)
2025-01-02 20:36:51,611 - app - ERROR - Failed to load master lookup data: (sqlite3.OperationalError) no such column: part_storage.part_num
[SQL: SELECT part_storage.id AS part_storage_id, part_storage.part_num AS part_storage_part_num, part_storage.location AS part_storage_location, part_storage.level AS part_storage_level, part_storage.box AS part_storage_box, categories_1.id AS categories_1_id, categories_1.name AS categories_1_name, categories_1.last_updated AS categories_1_last_updated, part_info_1.part_num AS part_info_1_part_num, part_info_1.name AS part_info_1_name, part_info_1.category_id AS part_info_1_category_id, part_info_1.part_img_url AS part_info_1_part_img_url, part_info_1.part_url AS part_info_1_part_url 
FROM part_storage LEFT OUTER JOIN part_info AS part_info_1 ON part_info_1.part_num = part_storage.part_num LEFT OUTER JOIN categories AS categories_1 ON categories_1.id = part_info_1.category_id]
(Background on this error at: https://sqlalche.me/e/20/e3q8)
2025-01-02 20:37:12,906 - app - ERROR - Failed to load master lookup data: (sqlite3.OperationalError) no such column: part_storage.part_num
[SQL: SELECT part_storage.id AS part_storage_id, part_storage.part_num AS part_storage_part_num, part_storage.location AS part_storage_location, part_storage.level AS part_storage_level, part_storage.box AS part_storage_box, categories_1.id AS categories_1_id, categories_1.name AS categories_1_name, categories_1.last_updated AS categories_1_last_updated, part_info_1.part_num AS part_info_1_part_num, part_info_1.name AS part_info_1_name, part_info_1.category_id AS part_info_1_category_id, part_info_1.part_img_url AS part_info_1_part_img_url, part_info_1.part_url AS part_info_1_part_url 
FROM part_storage LEFT OUTER JOIN part_info AS part_info_1 ON part_info_1.part_num = part_storage.part_num LEFT OUTER JOIN categories AS categories_1 ON categories_1.id = part_info_1.category_id]
(Background on this error at: https://sqlalche.me/e/20/e3q8)
2025-01-02 20:41:10,564 - app - ERROR - Failed to load master lookup data: 'PartStorage' object has no attribute 'part_id'
2025-01-02 20:41:14,801 - app - ERROR - Failed to load master lookup data: 'PartStorage' object has no attribute 'part_id'
2025-01-02 20:41:24,519 - app - ERROR - Failed to load master lookup data: 'PartStorage' object has no attribute 'part_id'
2025-01-02 20:42:13,263 - app - ERROR - Failed to load master lookup data: 'PartStorage' object has no attribute 'part_id'
2025-01-02 20:42:42,095 - app - ERROR - Failed to load master lookup data: 'PartStorage' object has no attribute 'part_id'
2025-01-02 20:42:43,863 - app - ERROR - Failed to load master lookup data: 'PartStorage' object has no attribute 'part_id'
2025-01-02 20:42:45,256 - app - ERROR - Failed to load master lookup data: 'PartStorage' object has no attribute 'part_id'
2025-01-02 20:42:58,191 - app - ERROR - Failed to load master lookup data: 'PartStorage' object has no attribute 'part_id'
2025-01-02 20:42:59,075 - app - ERROR - Failed to load master lookup data: 'PartStorage' object has no attribute 'part_id'
